     1 00000000                                 [FORMAT "WCOFF"]
     2 00000000                                 [INSTRSET "i486p"]
     3 00000000                                 [OPTIMIZE 1]
     4 00000000                                 [OPTION 1]
     5 00000000                                 [BITS 32]
     6 00000000                                 	EXTERN	_init_gdtidt
     7 00000000                                 	EXTERN	_init_pic
     8 00000000                                 	EXTERN	_io_sti
     9 00000000                                 	EXTERN	_fifo32_init
    10 00000000                                 	EXTERN	_init_pit
    11 00000000                                 	EXTERN	_init_keyboard
    12 00000000                                 	EXTERN	_enable_mouse
    13 00000000                                 	EXTERN	_io_out8
    14 00000000                                 	EXTERN	_timer_alloc
    15 00000000                                 	EXTERN	_timer_init
    16 00000000                                 	EXTERN	_timer_settime
    17 00000000                                 	EXTERN	_memtest
    18 00000000                                 	EXTERN	_memman_init
    19 00000000                                 	EXTERN	_memman_free
    20 00000000                                 	EXTERN	_init_palette
    21 00000000                                 	EXTERN	_shtctl_init
    22 00000000                                 	EXTERN	_sheet_alloc
    23 00000000                                 	EXTERN	_memman_alloc_4k
    24 00000000                                 	EXTERN	_sheet_setbuf
    25 00000000                                 	EXTERN	_init_screen8
    26 00000000                                 	EXTERN	_init_mouse_cursor8
    27 00000000                                 	EXTERN	_sheet_slide
    28 00000000                                 	EXTERN	_sheet_updown
    29 00000000                                 	EXTERN	_sprintf
    30 00000000                                 	EXTERN	_memman_total
    31 00000000                                 	EXTERN	_set_segmdesc
    32 00000000                                 	EXTERN	_load_tr
    33 00000000                                 	EXTERN	_io_cli
    34 00000000                                 	EXTERN	_fifo32_status
    35 00000000                                 	EXTERN	_fifo32_get
    36 00000000                                 	EXTERN	_boxfill8
    37 00000000                                 	EXTERN	_sheet_refresh
    38 00000000                                 	EXTERN	_taskswitch4
    39 00000000                                 	EXTERN	_mouse_decode
    40 00000000                                 	EXTERN	_keytable.0
    41 00000000                                 	EXTERN	_io_stihlt
    42 00000000                                 	EXTERN	_putfonts8_asc
    43 00000000                                 	EXTERN	_io_hlt
    44 00000000                                 [FILE "bootpack.c"]
    45                                          [SECTION .data]
    46 00000000                                 _keytable.0:
    47 00000000 00                              	DB	0
    48 00000001 00                              	DB	0
    49 00000002 31                              	DB	49
    50 00000003 32                              	DB	50
    51 00000004 33                              	DB	51
    52 00000005 34                              	DB	52
    53 00000006 35                              	DB	53
    54 00000007 36                              	DB	54
    55 00000008 37                              	DB	55
    56 00000009 38                              	DB	56
    57 0000000A 39                              	DB	57
    58 0000000B 30                              	DB	48
    59 0000000C 2D                              	DB	45
    60 0000000D 5E                              	DB	94
    61 0000000E 00                              	DB	0
    62 0000000F 00                              	DB	0
    63 00000010 51                              	DB	81
    64 00000011 57                              	DB	87
    65 00000012 45                              	DB	69
    66 00000013 52                              	DB	82
    67 00000014 54                              	DB	84
    68 00000015 59                              	DB	89
    69 00000016 55                              	DB	85
    70 00000017 49                              	DB	73
    71 00000018 4F                              	DB	79
    72 00000019 50                              	DB	80
    73 0000001A 40                              	DB	64
    74 0000001B 5B                              	DB	91
    75 0000001C 00                              	DB	0
    76 0000001D 00                              	DB	0
    77 0000001E 41                              	DB	65
    78 0000001F 53                              	DB	83
    79 00000020 44                              	DB	68
    80 00000021 46                              	DB	70
    81 00000022 47                              	DB	71
    82 00000023 48                              	DB	72
    83 00000024 4A                              	DB	74
    84 00000025 4B                              	DB	75
    85 00000026 4C                              	DB	76
    86 00000027 3B                              	DB	59
    87 00000028 3A                              	DB	58
    88 00000029 00                              	DB	0
    89 0000002A 00                              	DB	0
    90 0000002B 5D                              	DB	93
    91 0000002C 5A                              	DB	90
    92 0000002D 58                              	DB	88
    93 0000002E 43                              	DB	67
    94 0000002F 56                              	DB	86
    95 00000030 42                              	DB	66
    96 00000031 4E                              	DB	78
    97 00000032 4D                              	DB	77
    98 00000033 2C                              	DB	44
    99 00000034 2E                              	DB	46
   100 00000035 2F                              	DB	47
   101 00000036 00                              	DB	0
   102 00000037 2A                              	DB	42
   103 00000038 00                              	DB	0
   104 00000039 20                              	DB	32
   105 0000003A 00                              	DB	0
   106 0000003B 00                              	DB	0
   107 0000003C 00                              	DB	0
   108 0000003D 00                              	DB	0
   109 0000003E 00                              	DB	0
   110 0000003F 00                              	DB	0
   111 00000040 00                              	DB	0
   112 00000041 00                              	DB	0
   113 00000042 00                              	DB	0
   114 00000043 00                              	DB	0
   115 00000044 00                              	DB	0
   116 00000045 00                              	DB	0
   117 00000046 00                              	DB	0
   118 00000047 37                              	DB	55
   119 00000048 38                              	DB	56
   120 00000049 39                              	DB	57
   121 0000004A 2D                              	DB	45
   122 0000004B 34                              	DB	52
   123 0000004C 35                              	DB	53
   124 0000004D 36                              	DB	54
   125 0000004E 2B                              	DB	43
   126 0000004F 31                              	DB	49
   127 00000050 32                              	DB	50
   128 00000051 33                              	DB	51
   129 00000052 30                              	DB	48
   130 00000053 2E                              	DB	46
   131 00000054                                 LC0:
   132 00000054 48 6F 6E 65 79 62 65 65 4F 53   	DB	"HoneybeeOS",0x00
       0000005E 00 
   133 0000005F                                 LC1:
   134 0000005F 28 25 64 2C 20 25 64 29 00      	DB	"(%d, %d)",0x00
   135 00000068                                 LC2:
   136 00000068 6D 65 6D 6F 72 79 20 25 64 4D   	DB	"memory %dMB   free : %dKB",0x00
       00000072 42 20 20 20 66 72 65 65 20 3A 
       0000007C 20 25 64 4B 42 00 
   137 00000082                                 LC8:
   138 00000082 33 5B 73 65 63 5D 00            	DB	"3[sec]",0x00
   139 00000089                                 LC7:
   140 00000089 31 30 5B 73 65 63 5D 00         	DB	"10[sec]",0x00
   141 00000091                                 LC5:
   142 00000091 5B 6C 63 72 20 25 34 64 20 25   	DB	"[lcr %4d %4d]",0x00
       0000009B 34 64 5D 00 
   143 0000009F                                 LC6:
   144 0000009F 28 25 33 64 2C 20 25 33 64 29   	DB	"(%3d, %3d)",0x00
       000000A9 00 
   145 000000AA                                 LC3:
   146 000000AA 25 30 32 58 00                  	DB	"%02X",0x00
   147 000000AF                                 LC4:
   148 000000AF 20 00                           	DB	" ",0x00
   149                                          [SECTION .text]
   150 00000000                                 	GLOBAL	_HariMain
   151 00000000                                 _HariMain:
   152 00000000 55                              	PUSH	EBP
   153 00000001 89 E5                           	MOV	EBP,ESP
   154 00000003 57                              	PUSH	EDI
   155 00000004 56                              	PUSH	ESI
   156 00000005 53                              	PUSH	EBX
   157 00000006 8D 75 D4                        	LEA	ESI,DWORD [-44+EBP]
   158 00000009 81 EC 00000468                  	SUB	ESP,1128
   159 0000000F C7 85 FFFFFBA8 00000008         	MOV	DWORD [-1112+EBP],8
   160 00000019 C7 85 FFFFFBA4 00000007         	MOV	DWORD [-1116+EBP],7
   161 00000023 E8 [00000000]                   	CALL	_init_gdtidt
   162 00000028 E8 [00000000]                   	CALL	_init_pic
   163 0000002D E8 [00000000]                   	CALL	_io_sti
   164 00000032 8D 85 FFFFFDA4                  	LEA	EAX,DWORD [-604+EBP]
   165 00000038 50                              	PUSH	EAX
   166 00000039 68 00000080                     	PUSH	128
   167 0000003E 56                              	PUSH	ESI
   168 0000003F E8 [00000000]                   	CALL	_fifo32_init
   169 00000044 E8 [00000000]                   	CALL	_init_pit
   170 00000049 68 00000100                     	PUSH	256
   171 0000004E 56                              	PUSH	ESI
   172 0000004F E8 [00000000]                   	CALL	_init_keyboard
   173 00000054 8D 85 FFFFFD94                  	LEA	EAX,DWORD [-620+EBP]
   174 0000005A 50                              	PUSH	EAX
   175 0000005B 68 00000200                     	PUSH	512
   176 00000060 56                              	PUSH	ESI
   177 00000061 E8 [00000000]                   	CALL	_enable_mouse
   178 00000066 83 C4 20                        	ADD	ESP,32
   179 00000069 68 000000F8                     	PUSH	248
   180 0000006E 6A 21                           	PUSH	33
   181 00000070 E8 [00000000]                   	CALL	_io_out8
   182 00000075 68 000000EF                     	PUSH	239
   183 0000007A 68 000000A1                     	PUSH	161
   184 0000007F E8 [00000000]                   	CALL	_io_out8
   185 00000084 E8 [00000000]                   	CALL	_timer_alloc
   186 00000089 6A 0A                           	PUSH	10
   187 0000008B 56                              	PUSH	ESI
   188 0000008C 89 C3                           	MOV	EBX,EAX
   189 0000008E 50                              	PUSH	EAX
   190 0000008F E8 [00000000]                   	CALL	_timer_init
   191 00000094 68 000003E8                     	PUSH	1000
   192 00000099 53                              	PUSH	EBX
   193 0000009A E8 [00000000]                   	CALL	_timer_settime
   194 0000009F 83 C4 24                        	ADD	ESP,36
   195 000000A2 E8 [00000000]                   	CALL	_timer_alloc
   196 000000A7 6A 03                           	PUSH	3
   197 000000A9 89 C3                           	MOV	EBX,EAX
   198 000000AB 56                              	PUSH	ESI
   199 000000AC 50                              	PUSH	EAX
   200 000000AD E8 [00000000]                   	CALL	_timer_init
   201 000000B2 68 0000012C                     	PUSH	300
   202 000000B7 53                              	PUSH	EBX
   203 000000B8 E8 [00000000]                   	CALL	_timer_settime
   204 000000BD E8 [00000000]                   	CALL	_timer_alloc
   205 000000C2 6A 01                           	PUSH	1
   206 000000C4 56                              	PUSH	ESI
   207 000000C5 50                              	PUSH	EAX
   208 000000C6 89 85 FFFFFBB0                  	MOV	DWORD [-1104+EBP],EAX
   209 000000CC E8 [00000000]                   	CALL	_timer_init
   210 000000D1 83 C4 20                        	ADD	ESP,32
   211 000000D4 6A 32                           	PUSH	50
   212 000000D6 FF B5 FFFFFBB0                  	PUSH	DWORD [-1104+EBP]
   213 000000DC E8 [00000000]                   	CALL	_timer_settime
   214 000000E1 68 BFFFFFFF                     	PUSH	-1073741825
   215 000000E6 68 00400000                     	PUSH	4194304
   216 000000EB E8 [00000000]                   	CALL	_memtest
   217 000000F0 68 003C0000                     	PUSH	3932160
   218 000000F5 89 85 FFFFFBA0                  	MOV	DWORD [-1120+EBP],EAX
   219 000000FB E8 [00000000]                   	CALL	_memman_init
   220 00000100 68 0009E000                     	PUSH	647168
   221 00000105 68 00001000                     	PUSH	4096
   222 0000010A 68 003C0000                     	PUSH	3932160
   223 0000010F E8 [00000000]                   	CALL	_memman_free
   224 00000114 8B 85 FFFFFBA0                  	MOV	EAX,DWORD [-1120+EBP]
   225 0000011A 83 C4 20                        	ADD	ESP,32
   226 0000011D 2D 00400000                     	SUB	EAX,4194304
   227 00000122 50                              	PUSH	EAX
   228 00000123 68 00400000                     	PUSH	4194304
   229 00000128 68 003C0000                     	PUSH	3932160
   230 0000012D E8 [00000000]                   	CALL	_memman_free
   231 00000132 E8 [00000000]                   	CALL	_init_palette
   232 00000137 0F BF 05 00000FF6               	MOVSX	EAX,WORD [4086]
   233 0000013E 50                              	PUSH	EAX
   234 0000013F 0F BF 05 00000FF4               	MOVSX	EAX,WORD [4084]
   235 00000146 50                              	PUSH	EAX
   236 00000147 FF 35 00000FF8                  	PUSH	DWORD [4088]
   237 0000014D 68 003C0000                     	PUSH	3932160
   238 00000152 E8 [00000000]                   	CALL	_shtctl_init
   239 00000157 89 C3                           	MOV	EBX,EAX
   240 00000159 50                              	PUSH	EAX
   241 0000015A E8 [00000000]                   	CALL	_sheet_alloc
   242 0000015F 83 C4 20                        	ADD	ESP,32
   243 00000162 53                              	PUSH	EBX
   244 00000163 89 85 FFFFFB9C                  	MOV	DWORD [-1124+EBP],EAX
   245 00000169 E8 [00000000]                   	CALL	_sheet_alloc
   246 0000016E 53                              	PUSH	EBX
   247 0000016F 8D 9D FFFFFC94                  	LEA	EBX,DWORD [-876+EBP]
   248 00000175 89 85 FFFFFB98                  	MOV	DWORD [-1128+EBP],EAX
   249 0000017B E8 [00000000]                   	CALL	_sheet_alloc
   250 00000180 0F BF 15 00000FF6               	MOVSX	EDX,WORD [4086]
   251 00000187 89 85 FFFFFB94                  	MOV	DWORD [-1132+EBP],EAX
   252 0000018D 0F BF 05 00000FF4               	MOVSX	EAX,WORD [4084]
   253 00000194 0F AF C2                        	IMUL	EAX,EDX
   254 00000197 50                              	PUSH	EAX
   255 00000198 68 003C0000                     	PUSH	3932160
   256 0000019D E8 [00000000]                   	CALL	_memman_alloc_4k
   257 000001A2 68 00002080                     	PUSH	8320
   258 000001A7 68 003C0000                     	PUSH	3932160
   259 000001AC 89 C6                           	MOV	ESI,EAX
   260 000001AE E8 [00000000]                   	CALL	_memman_alloc_4k
   261 000001B3 6A FF                           	PUSH	-1
   262 000001B5 89 C7                           	MOV	EDI,EAX
   263 000001B7 0F BF 05 00000FF6               	MOVSX	EAX,WORD [4086]
   264 000001BE 50                              	PUSH	EAX
   265 000001BF 0F BF 05 00000FF4               	MOVSX	EAX,WORD [4084]
   266 000001C6 50                              	PUSH	EAX
   267 000001C7 56                              	PUSH	ESI
   268 000001C8 FF B5 FFFFFB9C                  	PUSH	DWORD [-1124+EBP]
   269 000001CE E8 [00000000]                   	CALL	_sheet_setbuf
   270 000001D3 83 C4 2C                        	ADD	ESP,44
   271 000001D6 6A 63                           	PUSH	99
   272 000001D8 6A 10                           	PUSH	16
   273 000001DA 6A 10                           	PUSH	16
   274 000001DC 53                              	PUSH	EBX
   275 000001DD FF B5 FFFFFB98                  	PUSH	DWORD [-1128+EBP]
   276 000001E3 E8 [00000000]                   	CALL	_sheet_setbuf
   277 000001E8 6A FF                           	PUSH	-1
   278 000001EA 6A 34                           	PUSH	52
   279 000001EC 68 000000A0                     	PUSH	160
   280 000001F1 57                              	PUSH	EDI
   281 000001F2 FF B5 FFFFFB94                  	PUSH	DWORD [-1132+EBP]
   282 000001F8 E8 [00000000]                   	CALL	_sheet_setbuf
   283 000001FD 83 C4 28                        	ADD	ESP,40
   284 00000200 0F BF 05 00000FF6               	MOVSX	EAX,WORD [4086]
   285 00000207 50                              	PUSH	EAX
   286 00000208 0F BF 05 00000FF4               	MOVSX	EAX,WORD [4084]
   287 0000020F 50                              	PUSH	EAX
   288 00000210 56                              	PUSH	ESI
   289 00000211 E8 [00000000]                   	CALL	_init_screen8
   290 00000216 6A 63                           	PUSH	99
   291 00000218 53                              	PUSH	EBX
   292 00000219 BB 00000002                     	MOV	EBX,2
   293 0000021E E8 [00000000]                   	CALL	_init_mouse_cursor8
   294 00000223 68 [00000054]                   	PUSH	LC0
   295 00000228 6A 34                           	PUSH	52
   296 0000022A 68 000000A0                     	PUSH	160
   297 0000022F 57                              	PUSH	EDI
   298 00000230 E8 0000062C                     	CALL	_make_window8
   299 00000235 83 C4 24                        	ADD	ESP,36
   300 00000238 6A 07                           	PUSH	7
   301 0000023A 6A 10                           	PUSH	16
   302 0000023C 68 00000090                     	PUSH	144
   303 00000241 6A 1C                           	PUSH	28
   304 00000243 6A 08                           	PUSH	8
   305 00000245 FF B5 FFFFFB94                  	PUSH	DWORD [-1132+EBP]
   306 0000024B E8 0000077D                     	CALL	_make_textbox8
   307 00000250 6A 00                           	PUSH	0
   308 00000252 6A 00                           	PUSH	0
   309 00000254 FF B5 FFFFFB9C                  	PUSH	DWORD [-1124+EBP]
   310 0000025A E8 [00000000]                   	CALL	_sheet_slide
   311 0000025F 83 C4 24                        	ADD	ESP,36
   312 00000262 0F BF 05 00000FF4               	MOVSX	EAX,WORD [4084]
   313 00000269 8D 48 F0                        	LEA	ECX,DWORD [-16+EAX]
   314 0000026C 89 C8                           	MOV	EAX,ECX
   315 0000026E 99                              	CDQ
   316 0000026F F7 FB                           	IDIV	EBX
   317 00000271 89 85 FFFFFBAC                  	MOV	DWORD [-1108+EBP],EAX
   318 00000277 0F BF 05 00000FF6               	MOVSX	EAX,WORD [4086]
   319 0000027E 8D 48 D4                        	LEA	ECX,DWORD [-44+EAX]
   320 00000281 89 C8                           	MOV	EAX,ECX
   321 00000283 99                              	CDQ
   322 00000284 F7 FB                           	IDIV	EBX
   323 00000286 50                              	PUSH	EAX
   324 00000287 89 C7                           	MOV	EDI,EAX
   325 00000289 FF B5 FFFFFBAC                  	PUSH	DWORD [-1108+EBP]
   326 0000028F FF B5 FFFFFB98                  	PUSH	DWORD [-1128+EBP]
   327 00000295 8D 5D A4                        	LEA	EBX,DWORD [-92+EBP]
   328 00000298 E8 [00000000]                   	CALL	_sheet_slide
   329 0000029D 6A 48                           	PUSH	72
   330 0000029F 6A 50                           	PUSH	80
   331 000002A1 FF B5 FFFFFB94                  	PUSH	DWORD [-1132+EBP]
   332 000002A7 E8 [00000000]                   	CALL	_sheet_slide
   333 000002AC 6A 00                           	PUSH	0
   334 000002AE FF B5 FFFFFB9C                  	PUSH	DWORD [-1124+EBP]
   335 000002B4 E8 [00000000]                   	CALL	_sheet_updown
   336 000002B9 83 C4 20                        	ADD	ESP,32
   337 000002BC 6A 01                           	PUSH	1
   338 000002BE FF B5 FFFFFB94                  	PUSH	DWORD [-1132+EBP]
   339 000002C4 E8 [00000000]                   	CALL	_sheet_updown
   340 000002C9 6A 02                           	PUSH	2
   341 000002CB FF B5 FFFFFB98                  	PUSH	DWORD [-1128+EBP]
   342 000002D1 E8 [00000000]                   	CALL	_sheet_updown
   343 000002D6 57                              	PUSH	EDI
   344 000002D7 FF B5 FFFFFBAC                  	PUSH	DWORD [-1108+EBP]
   345 000002DD 68 [0000005F]                   	PUSH	LC1
   346 000002E2 53                              	PUSH	EBX
   347 000002E3 E8 [00000000]                   	CALL	_sprintf
   348 000002E8 83 C4 20                        	ADD	ESP,32
   349 000002EB 6A 0A                           	PUSH	10
   350 000002ED 53                              	PUSH	EBX
   351 000002EE 6A 0E                           	PUSH	14
   352 000002F0 6A 07                           	PUSH	7
   353 000002F2 6A 00                           	PUSH	0
   354 000002F4 6A 00                           	PUSH	0
   355 000002F6 FF B5 FFFFFB9C                  	PUSH	DWORD [-1124+EBP]
   356 000002FC E8 000004D9                     	CALL	_putfonts8_asc_sht
   357 00000301 68 003C0000                     	PUSH	3932160
   358 00000306 E8 [00000000]                   	CALL	_memman_total
   359 0000030B C1 AD FFFFFBA0 14               	SHR	DWORD [-1120+EBP],20
   360 00000312 C1 E8 0A                        	SHR	EAX,10
   361 00000315 89 04 24                        	MOV	DWORD [ESP],EAX
   362 00000318 FF B5 FFFFFBA0                  	PUSH	DWORD [-1120+EBP]
   363 0000031E 68 [00000068]                   	PUSH	LC2
   364 00000323 53                              	PUSH	EBX
   365 00000324 E8 [00000000]                   	CALL	_sprintf
   366 00000329 83 C4 2C                        	ADD	ESP,44
   367 0000032C 6A 28                           	PUSH	40
   368 0000032E 53                              	PUSH	EBX
   369 0000032F 6A 0E                           	PUSH	14
   370 00000331 6A 07                           	PUSH	7
   371 00000333 6A 20                           	PUSH	32
   372 00000335 6A 00                           	PUSH	0
   373 00000337 FF B5 FFFFFB9C                  	PUSH	DWORD [-1124+EBP]
   374 0000033D E8 00000498                     	CALL	_putfonts8_asc_sht
   375 00000342 8D 85 FFFFFC24                  	LEA	EAX,DWORD [-988+EBP]
   376 00000348 68 00000089                     	PUSH	137
   377 0000034D 50                              	PUSH	EAX
   378 0000034E 6A 67                           	PUSH	103
   379 00000350 68 00270018                     	PUSH	2555928
   380 00000355 C7 85 FFFFFC84 00000000         	MOV	DWORD [-892+EBP],0
   381 0000035F C7 85 FFFFFC88 40000000         	MOV	DWORD [-888+EBP],1073741824
   382 00000369 C7 85 FFFFFC14 00000000         	MOV	DWORD [-1004+EBP],0
   383 00000373 C7 85 FFFFFC18 40000000         	MOV	DWORD [-1000+EBP],1073741824
   384 0000037D E8 [00000000]                   	CALL	_set_segmdesc
   385 00000382 8D 85 FFFFFBB4                  	LEA	EAX,DWORD [-1100+EBP]
   386 00000388 83 C4 2C                        	ADD	ESP,44
   387 0000038B 68 00000089                     	PUSH	137
   388 00000390 50                              	PUSH	EAX
   389 00000391 6A 67                           	PUSH	103
   390 00000393 68 00270020                     	PUSH	2555936
   391 00000398 E8 [00000000]                   	CALL	_set_segmdesc
   392 0000039D 6A 18                           	PUSH	24
   393 0000039F E8 [00000000]                   	CALL	_load_tr
   394 000003A4 68 00010000                     	PUSH	65536
   395 000003A9 68 003C0000                     	PUSH	3932160
   396 000003AE E8 [00000000]                   	CALL	_memman_alloc_4k
   397 000003B3 05 00010000                     	ADD	EAX,65536
   398 000003B8 C7 85 FFFFFBD4 [00000B03]       	MOV	DWORD [-1068+EBP],_task_b_main
   399 000003C2 C7 85 FFFFFBD8 00000202         	MOV	DWORD [-1064+EBP],514
   400 000003CC C7 85 FFFFFBDC 00000000         	MOV	DWORD [-1060+EBP],0
   401 000003D6 C7 85 FFFFFBE0 00000000         	MOV	DWORD [-1056+EBP],0
   402 000003E0 C7 85 FFFFFBE4 00000000         	MOV	DWORD [-1052+EBP],0
   403 000003EA C7 85 FFFFFBE8 00000000         	MOV	DWORD [-1048+EBP],0
   404 000003F4 89 85 FFFFFBEC                  	MOV	DWORD [-1044+EBP],EAX
   405 000003FA C7 85 FFFFFBF0 00000000         	MOV	DWORD [-1040+EBP],0
   406 00000404 C7 85 FFFFFBF4 00000000         	MOV	DWORD [-1036+EBP],0
   407 0000040E C7 85 FFFFFBF8 00000000         	MOV	DWORD [-1032+EBP],0
   408 00000418 C7 85 FFFFFBFC 00000008         	MOV	DWORD [-1028+EBP],8
   409 00000422 C7 85 FFFFFC00 00000010         	MOV	DWORD [-1024+EBP],16
   410 0000042C C7 85 FFFFFC04 00000008         	MOV	DWORD [-1020+EBP],8
   411 00000436 C7 85 FFFFFC08 00000008         	MOV	DWORD [-1016+EBP],8
   412 00000440 C7 85 FFFFFC0C 00000008         	MOV	DWORD [-1012+EBP],8
   413 0000044A C7 85 FFFFFC10 00000008         	MOV	DWORD [-1008+EBP],8
   414 00000454                                 L30:
   415 00000454 83 C4 1C                        	ADD	ESP,28
   416 00000457                                 L2:
   417 00000457 8D 75 D4                        	LEA	ESI,DWORD [-44+EBP]
   418 0000045A E8 [00000000]                   	CALL	_io_cli
   419 0000045F 56                              	PUSH	ESI
   420 00000460 E8 [00000000]                   	CALL	_fifo32_status
   421 00000465 59                              	POP	ECX
   422 00000466 85 C0                           	TEST	EAX,EAX
   423 00000468 0F 84 00000362                  	JE	L32
   424 0000046E 56                              	PUSH	ESI
   425 0000046F E8 [00000000]                   	CALL	_fifo32_get
   426 00000474 89 C3                           	MOV	EBX,EAX
   427 00000476 E8 [00000000]                   	CALL	_io_sti
   428 0000047B 5A                              	POP	EDX
   429 0000047C 8D 83 FFFFFF00                  	LEA	EAX,DWORD [-256+EBX]
   430 00000482 3D 000000FF                     	CMP	EAX,255
   431 00000487 0F 86 00000248                  	JBE	L33
   432 0000048D 8D 83 FFFFFE00                  	LEA	EAX,DWORD [-512+EBX]
   433 00000493 3D 000000FF                     	CMP	EAX,255
   434 00000498 0F 86 000000F7                  	JBE	L34
   435 0000049E 83 FB 0A                        	CMP	EBX,10
   436 000004A1 0F 84 000000CA                  	JE	L35
   437 000004A7 83 FB 03                        	CMP	EBX,3
   438 000004AA 0F 84 000000A2                  	JE	L36
   439 000004B0 83 FB 01                        	CMP	EBX,1
   440 000004B3 7F A2                           	JG	L2
   441 000004B5 85 DB                           	TEST	EBX,EBX
   442 000004B7 74 7C                           	JE	L28
   443 000004B9 6A 00                           	PUSH	0
   444 000004BB 56                              	PUSH	ESI
   445 000004BC FF B5 FFFFFBB0                  	PUSH	DWORD [-1104+EBP]
   446 000004C2 E8 [00000000]                   	CALL	_timer_init
   447 000004C7 C7 85 FFFFFBA4 00000000         	MOV	DWORD [-1116+EBP],0
   448 000004D1                                 L31:
   449 000004D1 83 C4 0C                        	ADD	ESP,12
   450 000004D4 6A 32                           	PUSH	50
   451 000004D6 FF B5 FFFFFBB0                  	PUSH	DWORD [-1104+EBP]
   452 000004DC E8 [00000000]                   	CALL	_timer_settime
   453 000004E1 8B 95 FFFFFB94                  	MOV	EDX,DWORD [-1132+EBP]
   454 000004E7 8B 85 FFFFFBA8                  	MOV	EAX,DWORD [-1112+EBP]
   455 000004ED 6A 2B                           	PUSH	43
   456 000004EF 83 C0 07                        	ADD	EAX,7
   457 000004F2 50                              	PUSH	EAX
   458 000004F3 6A 1C                           	PUSH	28
   459 000004F5 FF B5 FFFFFBA8                  	PUSH	DWORD [-1112+EBP]
   460 000004FB FF B5 FFFFFBA4                  	PUSH	DWORD [-1116+EBP]
   461 00000501 FF 72 04                        	PUSH	DWORD [4+EDX]
   462 00000504 FF 32                           	PUSH	DWORD [EDX]
   463 00000506 E8 [00000000]                   	CALL	_boxfill8
   464 0000050B 8B 85 FFFFFBA8                  	MOV	EAX,DWORD [-1112+EBP]
   465 00000511 83 C4 24                        	ADD	ESP,36
   466 00000514 83 C0 08                        	ADD	EAX,8
   467 00000517 6A 2C                           	PUSH	44
   468 00000519 50                              	PUSH	EAX
   469 0000051A 6A 1C                           	PUSH	28
   470 0000051C FF B5 FFFFFBA8                  	PUSH	DWORD [-1112+EBP]
   471 00000522 FF B5 FFFFFB94                  	PUSH	DWORD [-1132+EBP]
   472 00000528 E8 [00000000]                   	CALL	_sheet_refresh
   473 0000052D 83 C4 14                        	ADD	ESP,20
   474 00000530 E9 FFFFFF22                     	JMP	L2
   475 00000535                                 L28:
   476 00000535 6A 01                           	PUSH	1
   477 00000537 56                              	PUSH	ESI
   478 00000538 FF B5 FFFFFBB0                  	PUSH	DWORD [-1104+EBP]
   479 0000053E E8 [00000000]                   	CALL	_timer_init
   480 00000543 C7 85 FFFFFBA4 00000007         	MOV	DWORD [-1116+EBP],7
   481 0000054D E9 FFFFFF7F                     	JMP	L31
   482 00000552                                 L36:
   483 00000552 6A 06                           	PUSH	6
   484 00000554 68 [00000082]                   	PUSH	LC8
   485 00000559 6A 0E                           	PUSH	14
   486 0000055B 6A 07                           	PUSH	7
   487 0000055D 6A 50                           	PUSH	80
   488 0000055F 6A 00                           	PUSH	0
   489 00000561 FF B5 FFFFFB9C                  	PUSH	DWORD [-1124+EBP]
   490 00000567 E8 0000026E                     	CALL	_putfonts8_asc_sht
   491 0000056C E9 FFFFFEE3                     	JMP	L30
   492 00000571                                 L35:
   493 00000571 6A 07                           	PUSH	7
   494 00000573 68 [00000089]                   	PUSH	LC7
   495 00000578 6A 0E                           	PUSH	14
   496 0000057A 6A 07                           	PUSH	7
   497 0000057C 6A 40                           	PUSH	64
   498 0000057E 6A 00                           	PUSH	0
   499 00000580 FF B5 FFFFFB9C                  	PUSH	DWORD [-1124+EBP]
   500 00000586 E8 0000024F                     	CALL	_putfonts8_asc_sht
   501 0000058B E8 [00000000]                   	CALL	_taskswitch4
   502 00000590 E9 FFFFFEBF                     	JMP	L30
   503 00000595                                 L34:
   504 00000595 0F B6 C3                        	MOVZX	EAX,BL
   505 00000598 50                              	PUSH	EAX
   506 00000599 8D 85 FFFFFD94                  	LEA	EAX,DWORD [-620+EBP]
   507 0000059F 50                              	PUSH	EAX
   508 000005A0 E8 [00000000]                   	CALL	_mouse_decode
   509 000005A5 5A                              	POP	EDX
   510 000005A6 59                              	POP	ECX
   511 000005A7 85 C0                           	TEST	EAX,EAX
   512 000005A9 0F 84 FFFFFEA8                  	JE	L2
   513 000005AF FF B5 FFFFFD9C                  	PUSH	DWORD [-612+EBP]
   514 000005B5 FF B5 FFFFFD98                  	PUSH	DWORD [-616+EBP]
   515 000005BB 68 [00000091]                   	PUSH	LC5
   516 000005C0 8D 5D A4                        	LEA	EBX,DWORD [-92+EBP]
   517 000005C3 53                              	PUSH	EBX
   518 000005C4 E8 [00000000]                   	CALL	_sprintf
   519 000005C9 83 C4 10                        	ADD	ESP,16
   520 000005CC 8B 85 FFFFFDA0                  	MOV	EAX,DWORD [-608+EBP]
   521 000005D2 A9 00000001                     	TEST	EAX,1
   522 000005D7 74 04                           	JE	L14
   523 000005D9 C6 45 A5 4C                     	MOV	BYTE [-91+EBP],76
   524 000005DD                                 L14:
   525 000005DD A9 00000002                     	TEST	EAX,2
   526 000005E2 74 04                           	JE	L15
   527 000005E4 C6 45 A7 52                     	MOV	BYTE [-89+EBP],82
   528 000005E8                                 L15:
   529 000005E8 83 E0 04                        	AND	EAX,4
   530 000005EB 74 04                           	JE	L16
   531 000005ED C6 45 A6 43                     	MOV	BYTE [-90+EBP],67
   532 000005F1                                 L16:
   533 000005F1 6A 0F                           	PUSH	15
   534 000005F3 53                              	PUSH	EBX
   535 000005F4 6A 0E                           	PUSH	14
   536 000005F6 6A 07                           	PUSH	7
   537 000005F8 6A 10                           	PUSH	16
   538 000005FA 6A 20                           	PUSH	32
   539 000005FC FF B5 FFFFFB9C                  	PUSH	DWORD [-1124+EBP]
   540 00000602 E8 000001D3                     	CALL	_putfonts8_asc_sht
   541 00000607 8B 85 FFFFFD98                  	MOV	EAX,DWORD [-616+EBP]
   542 0000060D 03 BD FFFFFD9C                  	ADD	EDI,DWORD [-612+EBP]
   543 00000613 83 C4 1C                        	ADD	ESP,28
   544 00000616 01 85 FFFFFBAC                  	ADD	DWORD [-1108+EBP],EAX
   545 0000061C 0F 88 000000A4                  	JS	L37
   546 00000622                                 L17:
   547 00000622 85 FF                           	TEST	EDI,EDI
   548 00000624 0F 88 00000095                  	JS	L38
   549 0000062A                                 L18:
   550 0000062A 0F BF 05 00000FF4               	MOVSX	EAX,WORD [4084]
   551 00000631 48                              	DEC	EAX
   552 00000632 39 85 FFFFFBAC                  	CMP	DWORD [-1108+EBP],EAX
   553 00000638 7E 06                           	JLE	L19
   554 0000063A 89 85 FFFFFBAC                  	MOV	DWORD [-1108+EBP],EAX
   555 00000640                                 L19:
   556 00000640 0F BF 05 00000FF6               	MOVSX	EAX,WORD [4086]
   557 00000647 48                              	DEC	EAX
   558 00000648 39 C7                           	CMP	EDI,EAX
   559 0000064A 7E 02                           	JLE	L20
   560 0000064C 89 C7                           	MOV	EDI,EAX
   561 0000064E                                 L20:
   562 0000064E 57                              	PUSH	EDI
   563 0000064F FF B5 FFFFFBAC                  	PUSH	DWORD [-1108+EBP]
   564 00000655 68 [0000009F]                   	PUSH	LC6
   565 0000065A 53                              	PUSH	EBX
   566 0000065B E8 [00000000]                   	CALL	_sprintf
   567 00000660 6A 0A                           	PUSH	10
   568 00000662 53                              	PUSH	EBX
   569 00000663 6A 0E                           	PUSH	14
   570 00000665 6A 07                           	PUSH	7
   571 00000667 6A 00                           	PUSH	0
   572 00000669 6A 00                           	PUSH	0
   573 0000066B FF B5 FFFFFB9C                  	PUSH	DWORD [-1124+EBP]
   574 00000671 E8 00000164                     	CALL	_putfonts8_asc_sht
   575 00000676 83 C4 2C                        	ADD	ESP,44
   576 00000679 57                              	PUSH	EDI
   577 0000067A FF B5 FFFFFBAC                  	PUSH	DWORD [-1108+EBP]
   578 00000680 FF B5 FFFFFB98                  	PUSH	DWORD [-1128+EBP]
   579 00000686 E8 [00000000]                   	CALL	_sheet_slide
   580 0000068B 83 C4 0C                        	ADD	ESP,12
   581 0000068E F7 85 FFFFFDA0 00000001         	TEST	DWORD [-608+EBP],1
   582 00000698 0F 84 FFFFFDB9                  	JE	L2
   583 0000069E 8D 47 F8                        	LEA	EAX,DWORD [-8+EDI]
   584 000006A1 50                              	PUSH	EAX
   585 000006A2 8B 85 FFFFFBAC                  	MOV	EAX,DWORD [-1108+EBP]
   586 000006A8 83 E8 50                        	SUB	EAX,80
   587 000006AB 50                              	PUSH	EAX
   588 000006AC FF B5 FFFFFB94                  	PUSH	DWORD [-1132+EBP]
   589 000006B2 E8 [00000000]                   	CALL	_sheet_slide
   590 000006B7 83 C4 0C                        	ADD	ESP,12
   591 000006BA E9 FFFFFD98                     	JMP	L2
   592 000006BF                                 L38:
   593 000006BF 31 FF                           	XOR	EDI,EDI
   594 000006C1 E9 FFFFFF64                     	JMP	L18
   595 000006C6                                 L37:
   596 000006C6 C7 85 FFFFFBAC 00000000         	MOV	DWORD [-1108+EBP],0
   597 000006D0 E9 FFFFFF4D                     	JMP	L17
   598 000006D5                                 L33:
   599 000006D5 50                              	PUSH	EAX
   600 000006D6 8D 75 A4                        	LEA	ESI,DWORD [-92+EBP]
   601 000006D9 68 [000000AA]                   	PUSH	LC3
   602 000006DE 56                              	PUSH	ESI
   603 000006DF E8 [00000000]                   	CALL	_sprintf
   604 000006E4 6A 02                           	PUSH	2
   605 000006E6 56                              	PUSH	ESI
   606 000006E7 6A 0E                           	PUSH	14
   607 000006E9 6A 07                           	PUSH	7
   608 000006EB 6A 10                           	PUSH	16
   609 000006ED 6A 00                           	PUSH	0
   610 000006EF FF B5 FFFFFB9C                  	PUSH	DWORD [-1124+EBP]
   611 000006F5 E8 000000E0                     	CALL	_putfonts8_asc_sht
   612 000006FA 83 C4 28                        	ADD	ESP,40
   613 000006FD 81 FB 00000153                  	CMP	EBX,339
   614 00000703 7F 41                           	JG	L8
   615 00000705 8A 83 [FFFFFF00]                	MOV	AL,BYTE [_keytable.0-256+EBX]
   616 0000070B 84 C0                           	TEST	AL,AL
   617 0000070D 74 37                           	JE	L8
   618 0000070F 81 BD FFFFFBA8 0000008F         	CMP	DWORD [-1112+EBP],143
   619 00000719 7F 2B                           	JG	L8
   620 0000071B 6A 01                           	PUSH	1
   621 0000071D 88 45 A4                        	MOV	BYTE [-92+EBP],AL
   622 00000720 56                              	PUSH	ESI
   623 00000721 6A 07                           	PUSH	7
   624 00000723 6A 00                           	PUSH	0
   625 00000725 6A 1C                           	PUSH	28
   626 00000727 FF B5 FFFFFBA8                  	PUSH	DWORD [-1112+EBP]
   627 0000072D FF B5 FFFFFB94                  	PUSH	DWORD [-1132+EBP]
   628 00000733 C6 45 A5 00                     	MOV	BYTE [-91+EBP],0
   629 00000737 E8 0000009E                     	CALL	_putfonts8_asc_sht
   630 0000073C 83 C4 1C                        	ADD	ESP,28
   631 0000073F 83 85 FFFFFBA8 08               	ADD	DWORD [-1112+EBP],8
   632 00000746                                 L8:
   633 00000746 81 FB 0000010E                  	CMP	EBX,270
   634 0000074C 74 4C                           	JE	L39
   635 0000074E                                 L10:
   636 0000074E 8B 85 FFFFFBA8                  	MOV	EAX,DWORD [-1112+EBP]
   637 00000754 6A 2B                           	PUSH	43
   638 00000756 83 C0 07                        	ADD	EAX,7
   639 00000759 8B 9D FFFFFB94                  	MOV	EBX,DWORD [-1132+EBP]
   640 0000075F 50                              	PUSH	EAX
   641 00000760 6A 1C                           	PUSH	28
   642 00000762 FF B5 FFFFFBA8                  	PUSH	DWORD [-1112+EBP]
   643 00000768 FF B5 FFFFFBA4                  	PUSH	DWORD [-1116+EBP]
   644 0000076E FF 73 04                        	PUSH	DWORD [4+EBX]
   645 00000771 FF 33                           	PUSH	DWORD [EBX]
   646 00000773 E8 [00000000]                   	CALL	_boxfill8
   647 00000778 8B 85 FFFFFBA8                  	MOV	EAX,DWORD [-1112+EBP]
   648 0000077E 6A 2C                           	PUSH	44
   649 00000780 83 C0 08                        	ADD	EAX,8
   650 00000783 50                              	PUSH	EAX
   651 00000784 6A 1C                           	PUSH	28
   652 00000786 FF B5 FFFFFBA8                  	PUSH	DWORD [-1112+EBP]
   653 0000078C 53                              	PUSH	EBX
   654 0000078D E8 [00000000]                   	CALL	_sheet_refresh
   655 00000792 83 C4 30                        	ADD	ESP,48
   656 00000795 E9 FFFFFCBD                     	JMP	L2
   657 0000079A                                 L39:
   658 0000079A 83 BD FFFFFBA8 08               	CMP	DWORD [-1112+EBP],8
   659 000007A1 7E AB                           	JLE	L10
   660 000007A3 6A 01                           	PUSH	1
   661 000007A5 68 [000000AF]                   	PUSH	LC4
   662 000007AA 6A 07                           	PUSH	7
   663 000007AC 6A 00                           	PUSH	0
   664 000007AE 6A 1C                           	PUSH	28
   665 000007B0 FF B5 FFFFFBA8                  	PUSH	DWORD [-1112+EBP]
   666 000007B6 FF B5 FFFFFB94                  	PUSH	DWORD [-1132+EBP]
   667 000007BC E8 00000019                     	CALL	_putfonts8_asc_sht
   668 000007C1 83 C4 1C                        	ADD	ESP,28
   669 000007C4 83 AD FFFFFBA8 08               	SUB	DWORD [-1112+EBP],8
   670 000007CB E9 FFFFFF7E                     	JMP	L10
   671 000007D0                                 L32:
   672 000007D0 E8 [00000000]                   	CALL	_io_stihlt
   673 000007D5 E9 FFFFFC7D                     	JMP	L2
   674 000007DA                                 	GLOBAL	_putfonts8_asc_sht
   675 000007DA                                 _putfonts8_asc_sht:
   676 000007DA 55                              	PUSH	EBP
   677 000007DB 89 E5                           	MOV	EBP,ESP
   678 000007DD 57                              	PUSH	EDI
   679 000007DE 56                              	PUSH	ESI
   680 000007DF 53                              	PUSH	EBX
   681 000007E0 83 EC 0C                        	SUB	ESP,12
   682 000007E3 8B 45 08                        	MOV	EAX,DWORD [8+EBP]
   683 000007E6 8B 7D 10                        	MOV	EDI,DWORD [16+EBP]
   684 000007E9 89 45 F0                        	MOV	DWORD [-16+EBP],EAX
   685 000007EC 8B 5D 14                        	MOV	EBX,DWORD [20+EBP]
   686 000007EF 8B 45 0C                        	MOV	EAX,DWORD [12+EBP]
   687 000007F2 89 45 EC                        	MOV	DWORD [-20+EBP],EAX
   688 000007F5 8B 45 1C                        	MOV	EAX,DWORD [28+EBP]
   689 000007F8 89 45 E8                        	MOV	DWORD [-24+EBP],EAX
   690 000007FB 8D 47 0F                        	LEA	EAX,DWORD [15+EDI]
   691 000007FE 50                              	PUSH	EAX
   692 000007FF 8B 45 EC                        	MOV	EAX,DWORD [-20+EBP]
   693 00000802 8B 75 20                        	MOV	ESI,DWORD [32+EBP]
   694 00000805 0F BE DB                        	MOVSX	EBX,BL
   695 00000808 8D 34 F0                        	LEA	ESI,DWORD [EAX+ESI*8]
   696 0000080B 8D 46 FF                        	LEA	EAX,DWORD [-1+ESI]
   697 0000080E 50                              	PUSH	EAX
   698 0000080F 57                              	PUSH	EDI
   699 00000810 FF 75 EC                        	PUSH	DWORD [-20+EBP]
   700 00000813 0F B6 45 18                     	MOVZX	EAX,BYTE [24+EBP]
   701 00000817 50                              	PUSH	EAX
   702 00000818 8B 45 F0                        	MOV	EAX,DWORD [-16+EBP]
   703 0000081B FF 70 04                        	PUSH	DWORD [4+EAX]
   704 0000081E FF 30                           	PUSH	DWORD [EAX]
   705 00000820 E8 [00000000]                   	CALL	_boxfill8
   706 00000825 FF 75 E8                        	PUSH	DWORD [-24+EBP]
   707 00000828 53                              	PUSH	EBX
   708 00000829 57                              	PUSH	EDI
   709 0000082A FF 75 EC                        	PUSH	DWORD [-20+EBP]
   710 0000082D 8B 45 F0                        	MOV	EAX,DWORD [-16+EBP]
   711 00000830 FF 70 04                        	PUSH	DWORD [4+EAX]
   712 00000833 FF 30                           	PUSH	DWORD [EAX]
   713 00000835 E8 [00000000]                   	CALL	_putfonts8_asc
   714 0000083A 89 7D 10                        	MOV	DWORD [16+EBP],EDI
   715 0000083D 8D 47 10                        	LEA	EAX,DWORD [16+EDI]
   716 00000840 89 75 14                        	MOV	DWORD [20+EBP],ESI
   717 00000843 89 45 18                        	MOV	DWORD [24+EBP],EAX
   718 00000846 83 C4 34                        	ADD	ESP,52
   719 00000849 8B 45 EC                        	MOV	EAX,DWORD [-20+EBP]
   720 0000084C 89 45 0C                        	MOV	DWORD [12+EBP],EAX
   721 0000084F 8B 45 F0                        	MOV	EAX,DWORD [-16+EBP]
   722 00000852 89 45 08                        	MOV	DWORD [8+EBP],EAX
   723 00000855 8D 65 F4                        	LEA	ESP,DWORD [-12+EBP]
   724 00000858 5B                              	POP	EBX
   725 00000859 5E                              	POP	ESI
   726 0000085A 5F                              	POP	EDI
   727 0000085B 5D                              	POP	EBP
   728 0000085C E9 [00000000]                   	JMP	_sheet_refresh
   729                                          [SECTION .data]
   730 000000B1                                 _closebtn.1:
   731 000000B1 4F 4F 4F 4F 4F 4F 4F 4F 4F 4F   	DB	"OOOOOOOOOOOOOOO@"
       000000BB 4F 4F 4F 4F 4F 40 
   732 000000C1 4F 51 51 51 51 51 51 51 51 51   	DB	"OQQQQQQQQQQQQQ$@"
       000000CB 51 51 51 51 24 40 
   733 000000D1 4F 51 51 51 51 51 51 51 51 51   	DB	"OQQQQQQQQQQQQQ$@"
       000000DB 51 51 51 51 24 40 
   734 000000E1 4F 51 51 51 40 40 51 51 51 51   	DB	"OQQQ@@QQQQ@@QQ$@"
       000000EB 40 40 51 51 24 40 
   735 000000F1 4F 51 51 51 51 40 40 51 51 40   	DB	"OQQQQ@@QQ@@QQQ$@"
       000000FB 40 51 51 51 24 40 
   736 00000101 4F 51 51 51 51 51 40 40 40 40   	DB	"OQQQQQ@@@@QQQQ$@"
       0000010B 51 51 51 51 24 40 
   737 00000111 4F 51 51 51 51 51 51 40 40 51   	DB	"OQQQQQQ@@QQQQQ$@"
       0000011B 51 51 51 51 24 40 
   738 00000121 4F 51 51 51 51 51 40 40 40 40   	DB	"OQQQQQ@@@@QQQQ$@"
       0000012B 51 51 51 51 24 40 
   739 00000131 4F 51 51 51 51 40 40 51 51 40   	DB	"OQQQQ@@QQ@@QQQ$@"
       0000013B 40 51 51 51 24 40 
   740 00000141 4F 51 51 51 40 40 51 51 51 51   	DB	"OQQQ@@QQQQ@@QQ$@"
       0000014B 40 40 51 51 24 40 
   741 00000151 4F 51 51 51 51 51 51 51 51 51   	DB	"OQQQQQQQQQQQQQ$@"
       0000015B 51 51 51 51 24 40 
   742 00000161 4F 51 51 51 51 51 51 51 51 51   	DB	"OQQQQQQQQQQQQQ$@"
       0000016B 51 51 51 51 24 40 
   743 00000171 4F 24 24 24 24 24 24 24 24 24   	DB	"O$$$$$$$$$$$$$$@"
       0000017B 24 24 24 24 24 40 
   744 00000181 40 40 40 40 40 40 40 40 40 40   	DB	"@@@@@@@@@@@@@@@@"
       0000018B 40 40 40 40 40 40 
   745                                          [SECTION .text]
   746 00000861                                 	GLOBAL	_make_window8
   747 00000861                                 _make_window8:
   748 00000861 55                              	PUSH	EBP
   749 00000862 89 E5                           	MOV	EBP,ESP
   750 00000864 57                              	PUSH	EDI
   751 00000865 56                              	PUSH	ESI
   752 00000866 53                              	PUSH	EBX
   753 00000867 83 EC 14                        	SUB	ESP,20
   754 0000086A 8B 5D 0C                        	MOV	EBX,DWORD [12+EBP]
   755 0000086D 6A 00                           	PUSH	0
   756 0000086F 8D 43 FF                        	LEA	EAX,DWORD [-1+EBX]
   757 00000872 8D 7B FE                        	LEA	EDI,DWORD [-2+EBX]
   758 00000875 50                              	PUSH	EAX
   759 00000876 89 45 EC                        	MOV	DWORD [-20+EBP],EAX
   760 00000879 6A 00                           	PUSH	0
   761 0000087B 6A 00                           	PUSH	0
   762 0000087D 6A 08                           	PUSH	8
   763 0000087F 53                              	PUSH	EBX
   764 00000880 FF 75 08                        	PUSH	DWORD [8+EBP]
   765 00000883 E8 [00000000]                   	CALL	_boxfill8
   766 00000888 6A 01                           	PUSH	1
   767 0000088A 57                              	PUSH	EDI
   768 0000088B 6A 01                           	PUSH	1
   769 0000088D 6A 01                           	PUSH	1
   770 0000088F 6A 07                           	PUSH	7
   771 00000891 53                              	PUSH	EBX
   772 00000892 FF 75 08                        	PUSH	DWORD [8+EBP]
   773 00000895 E8 [00000000]                   	CALL	_boxfill8
   774 0000089A 8B 55 10                        	MOV	EDX,DWORD [16+EBP]
   775 0000089D 83 C4 38                        	ADD	ESP,56
   776 000008A0 4A                              	DEC	EDX
   777 000008A1 89 55 E8                        	MOV	DWORD [-24+EBP],EDX
   778 000008A4 52                              	PUSH	EDX
   779 000008A5 6A 00                           	PUSH	0
   780 000008A7 6A 00                           	PUSH	0
   781 000008A9 6A 00                           	PUSH	0
   782 000008AB 6A 08                           	PUSH	8
   783 000008AD 53                              	PUSH	EBX
   784 000008AE FF 75 08                        	PUSH	DWORD [8+EBP]
   785 000008B1 E8 [00000000]                   	CALL	_boxfill8
   786 000008B6 8B 75 10                        	MOV	ESI,DWORD [16+EBP]
   787 000008B9 83 EE 02                        	SUB	ESI,2
   788 000008BC 56                              	PUSH	ESI
   789 000008BD 6A 01                           	PUSH	1
   790 000008BF 6A 01                           	PUSH	1
   791 000008C1 6A 01                           	PUSH	1
   792 000008C3 6A 07                           	PUSH	7
   793 000008C5 53                              	PUSH	EBX
   794 000008C6 FF 75 08                        	PUSH	DWORD [8+EBP]
   795 000008C9 E8 [00000000]                   	CALL	_boxfill8
   796 000008CE 83 C4 38                        	ADD	ESP,56
   797 000008D1 56                              	PUSH	ESI
   798 000008D2 57                              	PUSH	EDI
   799 000008D3 6A 01                           	PUSH	1
   800 000008D5 57                              	PUSH	EDI
   801 000008D6 6A 0F                           	PUSH	15
   802 000008D8 53                              	PUSH	EBX
   803 000008D9 FF 75 08                        	PUSH	DWORD [8+EBP]
   804 000008DC E8 [00000000]                   	CALL	_boxfill8
   805 000008E1 FF 75 E8                        	PUSH	DWORD [-24+EBP]
   806 000008E4 FF 75 EC                        	PUSH	DWORD [-20+EBP]
   807 000008E7 6A 00                           	PUSH	0
   808 000008E9 FF 75 EC                        	PUSH	DWORD [-20+EBP]
   809 000008EC 6A 00                           	PUSH	0
   810 000008EE 53                              	PUSH	EBX
   811 000008EF FF 75 08                        	PUSH	DWORD [8+EBP]
   812 000008F2 E8 [00000000]                   	CALL	_boxfill8
   813 000008F7 8B 45 10                        	MOV	EAX,DWORD [16+EBP]
   814 000008FA 83 C4 38                        	ADD	ESP,56
   815 000008FD 83 E8 03                        	SUB	EAX,3
   816 00000900 50                              	PUSH	EAX
   817 00000901 8D 43 FD                        	LEA	EAX,DWORD [-3+EBX]
   818 00000904 50                              	PUSH	EAX
   819 00000905 6A 02                           	PUSH	2
   820 00000907 6A 02                           	PUSH	2
   821 00000909 6A 08                           	PUSH	8
   822 0000090B 53                              	PUSH	EBX
   823 0000090C FF 75 08                        	PUSH	DWORD [8+EBP]
   824 0000090F E8 [00000000]                   	CALL	_boxfill8
   825 00000914 8D 43 FC                        	LEA	EAX,DWORD [-4+EBX]
   826 00000917 6A 14                           	PUSH	20
   827 00000919 50                              	PUSH	EAX
   828 0000091A 6A 03                           	PUSH	3
   829 0000091C 6A 03                           	PUSH	3
   830 0000091E 6A 0C                           	PUSH	12
   831 00000920 53                              	PUSH	EBX
   832 00000921 FF 75 08                        	PUSH	DWORD [8+EBP]
   833 00000924 E8 [00000000]                   	CALL	_boxfill8
   834 00000929 83 C4 38                        	ADD	ESP,56
   835 0000092C 56                              	PUSH	ESI
   836 0000092D 57                              	PUSH	EDI
   837 0000092E 56                              	PUSH	ESI
   838 0000092F 6A 01                           	PUSH	1
   839 00000931 6A 0F                           	PUSH	15
   840 00000933 53                              	PUSH	EBX
   841 00000934 FF 75 08                        	PUSH	DWORD [8+EBP]
   842 00000937 E8 [00000000]                   	CALL	_boxfill8
   843 0000093C FF 75 E8                        	PUSH	DWORD [-24+EBP]
   844 0000093F FF 75 EC                        	PUSH	DWORD [-20+EBP]
   845 00000942 FF 75 E8                        	PUSH	DWORD [-24+EBP]
   846 00000945 6A 00                           	PUSH	0
   847 00000947 6A 00                           	PUSH	0
   848 00000949 6B F3 05                        	IMUL	ESI,EBX,5
   849 0000094C 53                              	PUSH	EBX
   850 0000094D FF 75 08                        	PUSH	DWORD [8+EBP]
   851 00000950 E8 [00000000]                   	CALL	_boxfill8
   852 00000955 83 C4 38                        	ADD	ESP,56
   853 00000958 FF 75 14                        	PUSH	DWORD [20+EBP]
   854 0000095B 6A 07                           	PUSH	7
   855 0000095D 6A 04                           	PUSH	4
   856 0000095F 6A 18                           	PUSH	24
   857 00000961 53                              	PUSH	EBX
   858 00000962 FF 75 08                        	PUSH	DWORD [8+EBP]
   859 00000965 E8 [00000000]                   	CALL	_putfonts8_asc
   860 0000096A 83 C4 18                        	ADD	ESP,24
   861 0000096D C7 45 F0 00000000               	MOV	DWORD [-16+EBP],0
   862 00000974 C7 45 E0 00000000               	MOV	DWORD [-32+EBP],0
   863 0000097B                                 L57:
   864 0000097B 8D 04 1E                        	LEA	EAX,DWORD [ESI+EBX*1]
   865 0000097E 8B 55 08                        	MOV	EDX,DWORD [8+EBP]
   866 00000981 31 FF                           	XOR	EDI,EDI
   867 00000983 8D 4C 02 EB                     	LEA	ECX,DWORD [-21+EDX+EAX*1]
   868 00000987                                 L56:
   869 00000987 8B 45 E0                        	MOV	EAX,DWORD [-32+EBP]
   870 0000098A 8A 94 07 [000000B1]             	MOV	DL,BYTE [_closebtn.1+EDI+EAX*1]
   871 00000991 80 FA 40                        	CMP	DL,64
   872 00000994 74 33                           	JE	L62
   873 00000996 80 FA 24                        	CMP	DL,36
   874 00000999 74 2A                           	JE	L63
   875 0000099B 80 FA 51                        	CMP	DL,81
   876 0000099E B2 08                           	MOV	DL,8
   877 000009A0 0F 95 C0                        	SETNE	AL
   878 000009A3 28 C2                           	SUB	DL,AL
   879 000009A5                                 L51:
   880 000009A5 47                              	INC	EDI
   881 000009A6 88 11                           	MOV	BYTE [ECX],DL
   882 000009A8 41                              	INC	ECX
   883 000009A9 83 FF 0F                        	CMP	EDI,15
   884 000009AC 7E D9                           	JLE	L56
   885 000009AE FF 45 F0                        	INC	DWORD [-16+EBP]
   886 000009B1 01 DE                           	ADD	ESI,EBX
   887 000009B3 83 45 E0 10                     	ADD	DWORD [-32+EBP],16
   888 000009B7 83 7D F0 0D                     	CMP	DWORD [-16+EBP],13
   889 000009BB 7E BE                           	JLE	L57
   890 000009BD 8D 65 F4                        	LEA	ESP,DWORD [-12+EBP]
   891 000009C0 5B                              	POP	EBX
   892 000009C1 5E                              	POP	ESI
   893 000009C2 5F                              	POP	EDI
   894 000009C3 5D                              	POP	EBP
   895 000009C4 C3                              	RET
   896 000009C5                                 L63:
   897 000009C5 B2 0F                           	MOV	DL,15
   898 000009C7 EB DC                           	JMP	L51
   899 000009C9                                 L62:
   900 000009C9 31 D2                           	XOR	EDX,EDX
   901 000009CB EB D8                           	JMP	L51
   902 000009CD                                 	GLOBAL	_make_textbox8
   903 000009CD                                 _make_textbox8:
   904 000009CD 55                              	PUSH	EBP
   905 000009CE 89 E5                           	MOV	EBP,ESP
   906 000009D0 57                              	PUSH	EDI
   907 000009D1 56                              	PUSH	ESI
   908 000009D2 53                              	PUSH	EBX
   909 000009D3 83 EC 14                        	SUB	ESP,20
   910 000009D6 8B 45 0C                        	MOV	EAX,DWORD [12+EBP]
   911 000009D9 8B 75 10                        	MOV	ESI,DWORD [16+EBP]
   912 000009DC 03 45 14                        	ADD	EAX,DWORD [20+EBP]
   913 000009DF 83 EE 03                        	SUB	ESI,3
   914 000009E2 56                              	PUSH	ESI
   915 000009E3 89 45 F0                        	MOV	DWORD [-16+EBP],EAX
   916 000009E6 8B 45 10                        	MOV	EAX,DWORD [16+EBP]
   917 000009E9 03 45 18                        	ADD	EAX,DWORD [24+EBP]
   918 000009EC 89 45 EC                        	MOV	DWORD [-20+EBP],EAX
   919 000009EF 8B 45 F0                        	MOV	EAX,DWORD [-16+EBP]
   920 000009F2 40                              	INC	EAX
   921 000009F3 50                              	PUSH	EAX
   922 000009F4 89 45 E8                        	MOV	DWORD [-24+EBP],EAX
   923 000009F7 8B 45 0C                        	MOV	EAX,DWORD [12+EBP]
   924 000009FA 56                              	PUSH	ESI
   925 000009FB 83 E8 02                        	SUB	EAX,2
   926 000009FE 50                              	PUSH	EAX
   927 000009FF 89 45 E4                        	MOV	DWORD [-28+EBP],EAX
   928 00000A02 8B 45 08                        	MOV	EAX,DWORD [8+EBP]
   929 00000A05 6A 0F                           	PUSH	15
   930 00000A07 FF 70 04                        	PUSH	DWORD [4+EAX]
   931 00000A0A FF 30                           	PUSH	DWORD [EAX]
   932 00000A0C E8 [00000000]                   	CALL	_boxfill8
   933 00000A11 8B 7D 0C                        	MOV	EDI,DWORD [12+EBP]
   934 00000A14 8B 45 EC                        	MOV	EAX,DWORD [-20+EBP]
   935 00000A17 83 EF 03                        	SUB	EDI,3
   936 00000A1A 40                              	INC	EAX
   937 00000A1B 50                              	PUSH	EAX
   938 00000A1C 89 45 E0                        	MOV	DWORD [-32+EBP],EAX
   939 00000A1F 57                              	PUSH	EDI
   940 00000A20 8B 45 08                        	MOV	EAX,DWORD [8+EBP]
   941 00000A23 56                              	PUSH	ESI
   942 00000A24 57                              	PUSH	EDI
   943 00000A25 6A 0F                           	PUSH	15
   944 00000A27 FF 70 04                        	PUSH	DWORD [4+EAX]
   945 00000A2A FF 30                           	PUSH	DWORD [EAX]
   946 00000A2C E8 [00000000]                   	CALL	_boxfill8
   947 00000A31 8B 45 08                        	MOV	EAX,DWORD [8+EBP]
   948 00000A34 83 C4 38                        	ADD	ESP,56
   949 00000A37 8B 5D EC                        	MOV	EBX,DWORD [-20+EBP]
   950 00000A3A 83 C3 02                        	ADD	EBX,2
   951 00000A3D 53                              	PUSH	EBX
   952 00000A3E FF 75 E8                        	PUSH	DWORD [-24+EBP]
   953 00000A41 53                              	PUSH	EBX
   954 00000A42 57                              	PUSH	EDI
   955 00000A43 6A 07                           	PUSH	7
   956 00000A45 FF 70 04                        	PUSH	DWORD [4+EAX]
   957 00000A48 FF 30                           	PUSH	DWORD [EAX]
   958 00000A4A E8 [00000000]                   	CALL	_boxfill8
   959 00000A4F 8B 45 F0                        	MOV	EAX,DWORD [-16+EBP]
   960 00000A52 53                              	PUSH	EBX
   961 00000A53 83 C0 02                        	ADD	EAX,2
   962 00000A56 50                              	PUSH	EAX
   963 00000A57 56                              	PUSH	ESI
   964 00000A58 50                              	PUSH	EAX
   965 00000A59 8B 45 08                        	MOV	EAX,DWORD [8+EBP]
   966 00000A5C 6A 07                           	PUSH	7
   967 00000A5E FF 70 04                        	PUSH	DWORD [4+EAX]
   968 00000A61 FF 30                           	PUSH	DWORD [EAX]
   969 00000A63 E8 [00000000]                   	CALL	_boxfill8
   970 00000A68 8B 45 08                        	MOV	EAX,DWORD [8+EBP]
   971 00000A6B 83 C4 38                        	ADD	ESP,56
   972 00000A6E 8B 5D 10                        	MOV	EBX,DWORD [16+EBP]
   973 00000A71 83 EB 02                        	SUB	EBX,2
   974 00000A74 8B 7D 0C                        	MOV	EDI,DWORD [12+EBP]
   975 00000A77 53                              	PUSH	EBX
   976 00000A78 4F                              	DEC	EDI
   977 00000A79 FF 75 F0                        	PUSH	DWORD [-16+EBP]
   978 00000A7C 53                              	PUSH	EBX
   979 00000A7D 57                              	PUSH	EDI
   980 00000A7E 6A 00                           	PUSH	0
   981 00000A80 FF 70 04                        	PUSH	DWORD [4+EAX]
   982 00000A83 FF 30                           	PUSH	DWORD [EAX]
   983 00000A85 E8 [00000000]                   	CALL	_boxfill8
   984 00000A8A 8B 45 08                        	MOV	EAX,DWORD [8+EBP]
   985 00000A8D FF 75 EC                        	PUSH	DWORD [-20+EBP]
   986 00000A90 FF 75 E4                        	PUSH	DWORD [-28+EBP]
   987 00000A93 53                              	PUSH	EBX
   988 00000A94 FF 75 E4                        	PUSH	DWORD [-28+EBP]
   989 00000A97 6A 00                           	PUSH	0
   990 00000A99 FF 70 04                        	PUSH	DWORD [4+EAX]
   991 00000A9C FF 30                           	PUSH	DWORD [EAX]
   992 00000A9E E8 [00000000]                   	CALL	_boxfill8
   993 00000AA3 8B 45 08                        	MOV	EAX,DWORD [8+EBP]
   994 00000AA6 83 C4 38                        	ADD	ESP,56
   995 00000AA9 FF 75 E0                        	PUSH	DWORD [-32+EBP]
   996 00000AAC FF 75 F0                        	PUSH	DWORD [-16+EBP]
   997 00000AAF FF 75 E0                        	PUSH	DWORD [-32+EBP]
   998 00000AB2 FF 75 E4                        	PUSH	DWORD [-28+EBP]
   999 00000AB5 6A 08                           	PUSH	8
  1000 00000AB7 FF 70 04                        	PUSH	DWORD [4+EAX]
  1001 00000ABA FF 30                           	PUSH	DWORD [EAX]
  1002 00000ABC E8 [00000000]                   	CALL	_boxfill8
  1003 00000AC1 8B 45 08                        	MOV	EAX,DWORD [8+EBP]
  1004 00000AC4 FF 75 E0                        	PUSH	DWORD [-32+EBP]
  1005 00000AC7 FF 75 E8                        	PUSH	DWORD [-24+EBP]
  1006 00000ACA 53                              	PUSH	EBX
  1007 00000ACB FF 75 E8                        	PUSH	DWORD [-24+EBP]
  1008 00000ACE 6A 08                           	PUSH	8
  1009 00000AD0 FF 70 04                        	PUSH	DWORD [4+EAX]
  1010 00000AD3 FF 30                           	PUSH	DWORD [EAX]
  1011 00000AD5 E8 [00000000]                   	CALL	_boxfill8
  1012 00000ADA 8B 45 10                        	MOV	EAX,DWORD [16+EBP]
  1013 00000ADD 83 C4 38                        	ADD	ESP,56
  1014 00000AE0 48                              	DEC	EAX
  1015 00000AE1 FF 75 EC                        	PUSH	DWORD [-20+EBP]
  1016 00000AE4 FF 75 F0                        	PUSH	DWORD [-16+EBP]
  1017 00000AE7 50                              	PUSH	EAX
  1018 00000AE8 57                              	PUSH	EDI
  1019 00000AE9 0F B6 45 1C                     	MOVZX	EAX,BYTE [28+EBP]
  1020 00000AED 50                              	PUSH	EAX
  1021 00000AEE 8B 45 08                        	MOV	EAX,DWORD [8+EBP]
  1022 00000AF1 FF 70 04                        	PUSH	DWORD [4+EAX]
  1023 00000AF4 FF 30                           	PUSH	DWORD [EAX]
  1024 00000AF6 E8 [00000000]                   	CALL	_boxfill8
  1025 00000AFB 8D 65 F4                        	LEA	ESP,DWORD [-12+EBP]
  1026 00000AFE 5B                              	POP	EBX
  1027 00000AFF 5E                              	POP	ESI
  1028 00000B00 5F                              	POP	EDI
  1029 00000B01 5D                              	POP	EBP
  1030 00000B02 C3                              	RET
  1031 00000B03                                 	GLOBAL	_task_b_main
  1032 00000B03                                 _task_b_main:
  1033 00000B03 55                              	PUSH	EBP
  1034 00000B04 89 E5                           	MOV	EBP,ESP
  1035 00000B06                                 L66:
  1036 00000B06 E8 [00000000]                   	CALL	_io_hlt
  1037 00000B0B EB F9                           	JMP	L66
