     1 00000000                                 ; naskfunc
     2 00000000                                 ; TAB=4
     3 00000000                                 
     4 00000000                                 [FORMAT "WCOFF"]				; オブジェクトファイルを作るモード	
     5 00000000                                 [INSTRSET "i486p"]				; 486の命令まで使いたいという記述
     6 00000000                                 [BITS 32]						; 32ビットモード用の機械語を作らせる
     7 00000000                                 [FILE "naskfunc.nas"]			; ソースファイル名情報
     8 00000000                                 
     9 00000000                                 		GLOBAL	_io_hlt, _io_cli, _io_sti, _io_stihlt
    10 00000000                                 		GLOBAL	_io_in8,  _io_in16,  _io_in32
    11 00000000                                 		GLOBAL	_io_out8, _io_out16, _io_out32
    12 00000000                                 		GLOBAL	_io_load_eflags, _io_store_eflags
    13 00000000                                 		GLOBAL	_load_gdtr, _load_idtr
    14 00000000                                 		GLOBAL	_load_cr0, _store_cr0
    15 00000000                                 		GLOBAL	_asm_inthandler20, _asm_inthandler21
    16 00000000                                 		GLOBAL	_asm_inthandler27, _asm_inthandler2c
    17 00000000                                 		GLOBAL	_memtest_sub
    18 00000000                                 		EXTERN	_inthandler20, _inthandler21
    19 00000000                                 		EXTERN	_inthandler27, _inthandler2c
    20 00000000                                 
    21                                          [SECTION .text]
    22 00000000                                 
    23 00000000                                 _io_hlt:	; void io_hlt(void);
    24 00000000 F4                              		HLT
    25 00000001 C3                              		RET
    26 00000002                                 
    27 00000002                                 _io_cli:	; void io_cli(void);
    28 00000002 FA                              		CLI
    29 00000003 C3                              		RET
    30 00000004                                 
    31 00000004                                 _io_sti:	; void io_sti(void);
    32 00000004 FB                              		STI
    33 00000005 C3                              		RET
    34 00000006                                 
    35 00000006                                 _io_stihlt:	; void io_stihlt(void);
    36 00000006 FB                              		STI
    37 00000007 F4                              		HLT
    38 00000008 C3                              		RET
    39 00000009                                 
    40 00000009                                 _io_in8:	; int io_in8(int port);
    41 00000009 8B 54 24 04                     		MOV		EDX,[ESP+4]		; port
    42 0000000D B8 00000000                     		MOV		EAX,0
    43 00000012 EC                              		IN		AL,DX
    44 00000013 C3                              		RET
    45 00000014                                 
    46 00000014                                 _io_in16:	; int io_in16(int port);
    47 00000014 8B 54 24 04                     		MOV		EDX,[ESP+4]		; port
    48 00000018 B8 00000000                     		MOV		EAX,0
    49 0000001D 66 ED                           		IN		AX,DX
    50 0000001F C3                              		RET
    51 00000020                                 
    52 00000020                                 _io_in32:	; int io_in32(int port);
    53 00000020 8B 54 24 04                     		MOV		EDX,[ESP+4]		; port
    54 00000024 ED                              		IN		EAX,DX
    55 00000025 C3                              		RET
    56 00000026                                 
    57 00000026                                 _io_out8:	; void io_out8(int port, int data);
    58 00000026 8B 54 24 04                     		MOV		EDX,[ESP+4]		; port
    59 0000002A 8A 44 24 08                     		MOV		AL,[ESP+8]		; data
    60 0000002E EE                              		OUT		DX,AL
    61 0000002F C3                              		RET
    62 00000030                                 
    63 00000030                                 _io_out16:	; void io_out16(int port, int data);
    64 00000030 8B 54 24 04                     		MOV		EDX,[ESP+4]		; port
    65 00000034 8B 44 24 08                     		MOV		EAX,[ESP+8]		; data
    66 00000038 66 EF                           		OUT		DX,AX
    67 0000003A C3                              		RET
    68 0000003B                                 
    69 0000003B                                 _io_out32:	; void io_out32(int port, int data);
    70 0000003B 8B 54 24 04                     		MOV		EDX,[ESP+4]		; port
    71 0000003F 8B 44 24 08                     		MOV		EAX,[ESP+8]		; data
    72 00000043 EF                              		OUT		DX,EAX
    73 00000044 C3                              		RET
    74 00000045                                 
    75 00000045                                 _io_load_eflags:	; int io_load_eflags(void);
    76 00000045 9C                              		PUSHFD		; PUSH EFLAGS という意味
    77 00000046 58                              		POP		EAX
    78 00000047 C3                              		RET
    79 00000048                                 
    80 00000048                                 _io_store_eflags:	; void io_store_eflags(int eflags);
    81 00000048 8B 44 24 04                     		MOV		EAX,[ESP+4]
    82 0000004C 50                              		PUSH	EAX
    83 0000004D 9D                              		POPFD		; POP EFLAGS という意味
    84 0000004E C3                              		RET
    85 0000004F                                 
    86 0000004F                                 _load_gdtr:		; void load_gdtr(int limit, int addr);
    87 0000004F 66 8B 44 24 04                  		MOV		AX,[ESP+4]		; limit
    88 00000054 66 89 44 24 06                  		MOV		[ESP+6],AX
    89 00000059 0F 01 54 24 06                  		LGDT	[ESP+6]
    90 0000005E C3                              		RET
    91 0000005F                                 
    92 0000005F                                 _load_idtr:		; void load_idtr(int limit, int addr);
    93 0000005F 66 8B 44 24 04                  		MOV		AX,[ESP+4]		; limit
    94 00000064 66 89 44 24 06                  		MOV		[ESP+6],AX
    95 00000069 0F 01 5C 24 06                  		LIDT	[ESP+6]
    96 0000006E C3                              		RET
    97 0000006F                                 
    98 0000006F                                 _asm_inthandler21:
    99 0000006F 06                              		PUSH	ES
   100 00000070 1E                              		PUSH	DS
   101 00000071 60                              		PUSHAD
   102 00000072 89 E0                           		MOV		EAX,ESP
   103 00000074 50                              		PUSH	EAX
   104 00000075 66 8C D0                        		MOV		AX,SS
   105 00000078 8E D8                           		MOV		DS,AX
   106 0000007A 8E C0                           		MOV		ES,AX
   107 0000007C E8 [00000000]                   		CALL	_inthandler21
   108 00000081 58                              		POP		EAX
   109 00000082 61                              		POPAD
   110 00000083 1F                              		POP		DS
   111 00000084 07                              		POP		ES
   112 00000085 CF                              		IRETD
   113 00000086                                 
   114 00000086                                 _asm_inthandler27:
   115 00000086 06                              		PUSH	ES
   116 00000087 1E                              		PUSH	DS
   117 00000088 60                              		PUSHAD
   118 00000089 89 E0                           		MOV		EAX,ESP
   119 0000008B 50                              		PUSH	EAX
   120 0000008C 66 8C D0                        		MOV		AX,SS
   121 0000008F 8E D8                           		MOV		DS,AX
   122 00000091 8E C0                           		MOV		ES,AX
   123 00000093 E8 [00000000]                   		CALL	_inthandler27
   124 00000098 58                              		POP		EAX
   125 00000099 61                              		POPAD
   126 0000009A 1F                              		POP		DS
   127 0000009B 07                              		POP		ES
   128 0000009C CF                              		IRETD
   129 0000009D                                 
   130 0000009D                                 _asm_inthandler2c:
   131 0000009D 06                              		PUSH	ES
   132 0000009E 1E                              		PUSH	DS
   133 0000009F 60                              		PUSHAD
   134 000000A0 89 E0                           		MOV		EAX,ESP
   135 000000A2 50                              		PUSH	EAX
   136 000000A3 66 8C D0                        		MOV		AX,SS
   137 000000A6 8E D8                           		MOV		DS,AX
   138 000000A8 8E C0                           		MOV		ES,AX
   139 000000AA E8 [00000000]                   		CALL	_inthandler2c
   140 000000AF 58                              		POP		EAX
   141 000000B0 61                              		POPAD
   142 000000B1 1F                              		POP		DS
   143 000000B2 07                              		POP		ES
   144 000000B3 CF                              		IRETD
   145 000000B4                                 		
   146 000000B4                                 _asm_inthandler20:
   147 000000B4 06                              		PUSH	ES
   148 000000B5 1E                              		PUSH	DS
   149 000000B6 60                              		PUSHAD
   150 000000B7 89 E0                           		MOV		EAX,ESP
   151 000000B9 50                              		PUSH	EAX
   152 000000BA 66 8C D0                        		MOV		AX,SS
   153 000000BD 8E D8                           		MOV		DS,AX
   154 000000BF 8E C0                           		MOV		ES,AX
   155 000000C1 E8 [00000000]                   		CALL	_inthandler20
   156 000000C6 58                              		POP		EAX
   157 000000C7 61                              		POPAD
   158 000000C8 1F                              		POP		DS
   159 000000C9 07                              		POP		ES
   160 000000CA CF                              		IRETD		
   161 000000CB                                 		
   162 000000CB                                 _load_cr0:		;int load_cr0(void);
   163 000000CB 0F 20 C0                        		MOV		EAX,CR0
   164 000000CE C3                              		RET
   165 000000CF                                 		
   166 000000CF                                 _store_cr0:		;void store_cr0(int cr0);
   167 000000CF 8B 44 24 04                     		MOV		EAX,[ESP+4]
   168 000000D3 0F 22 C0                        		MOV		CR0,EAX
   169 000000D6 C3                              		RET
   170 000000D7                                 		
   171 000000D7                                 _memtest_sub:	; unsigned int memtest_sub(unsigned int start, unsigned int end)
   172 000000D7 57                              		PUSH	EDI						; （EBX, ESI, EDI も使いたいので）
   173 000000D8 56                              		PUSH	ESI
   174 000000D9 53                              		PUSH	EBX
   175 000000DA BE AA55AA55                     		MOV		ESI,0xaa55aa55			; pat0 = 0xaa55aa55;
   176 000000DF BF 55AA55AA                     		MOV		EDI,0x55aa55aa			; pat1 = 0x55aa55aa;
   177 000000E4 8B 44 24 10                     		MOV		EAX,[ESP+12+4]			; i = start;
   178 000000E8                                 mts_loop:
   179 000000E8 89 C3                           		MOV		EBX,EAX
   180 000000EA 81 C3 00000FFC                  		ADD		EBX,0xffc				; p = i + 0xffc;
   181 000000F0 8B 13                           		MOV		EDX,[EBX]				; old = *p;
   182 000000F2 89 33                           		MOV		[EBX],ESI				; *p = pat0;
   183 000000F4 83 33 FF                        		XOR		DWORD [EBX],0xffffffff	; *p ^= 0xffffffff;
   184 000000F7 3B 3B                           		CMP		EDI,[EBX]				; if (*p != pat1) goto fin;
   185 000000F9 75 18                           		JNE		mts_fin
   186 000000FB 83 33 FF                        		XOR		DWORD [EBX],0xffffffff	; *p ^= 0xffffffff;
   187 000000FE 3B 33                           		CMP		ESI,[EBX]				; if (*p != pat0) goto fin;
   188 00000100 75 11                           		JNE		mts_fin
   189 00000102 89 13                           		MOV		[EBX],EDX				; *p = old;
   190 00000104 05 00001000                     		ADD		EAX,0x1000				; i += 0x1000;
   191 00000109 3B 44 24 14                     		CMP		EAX,[ESP+12+8]			; if (i <= end) goto mts_loop;
   192 0000010D 76 D9                           		JBE		mts_loop
   193 0000010F 5B                              		POP		EBX
   194 00000110 5E                              		POP		ESI
   195 00000111 5F                              		POP		EDI
   196 00000112 C3                              		RET
   197 00000113                                 mts_fin:
   198 00000113 89 13                           		MOV		[EBX],EDX				; *p = old;
   199 00000115 5B                              		POP		EBX
   200 00000116 5E                              		POP		ESI
   201 00000117 5F                              		POP		EDI
   202 00000118 C3                              		RET