     1 00000000                                 [FORMAT "WCOFF"]
     2 00000000                                 [INSTRSET "i486p"]
     3 00000000                                 [OPTIMIZE 1]
     4 00000000                                 [OPTION 1]
     5 00000000                                 [BITS 32]
     6 00000000                                 	EXTERN	_memman_alloc_4k
     7 00000000                                 	EXTERN	_memman_free_4k
     8 00000000                                 [FILE "sheet.c"]
     9                                          [SECTION .text]
    10 00000000                                 	GLOBAL	_shtctl_init
    11 00000000                                 _shtctl_init:
    12 00000000 55                              	PUSH	EBP
    13 00000001 89 E5                           	MOV	EBP,ESP
    14 00000003 57                              	PUSH	EDI
    15 00000004 56                              	PUSH	ESI
    16 00000005 53                              	PUSH	EBX
    17 00000006 8B 75 08                        	MOV	ESI,DWORD [8+EBP]
    18 00000009 68 00002814                     	PUSH	10260
    19 0000000E 8B 7D 10                        	MOV	EDI,DWORD [16+EBP]
    20 00000011 56                              	PUSH	ESI
    21 00000012 E8 [00000000]                   	CALL	_memman_alloc_4k
    22 00000017 89 C3                           	MOV	EBX,EAX
    23 00000019 58                              	POP	EAX
    24 0000001A 5A                              	POP	EDX
    25 0000001B 85 DB                           	TEST	EBX,EBX
    26 0000001D 74 4A                           	JE	L3
    27 0000001F 8B 45 14                        	MOV	EAX,DWORD [20+EBP]
    28 00000022 0F AF C7                        	IMUL	EAX,EDI
    29 00000025 50                              	PUSH	EAX
    30 00000026 56                              	PUSH	ESI
    31 00000027 E8 [00000000]                   	CALL	_memman_alloc_4k
    32 0000002C 85 C0                           	TEST	EAX,EAX
    33 0000002E 89 43 04                        	MOV	DWORD [4+EBX],EAX
    34 00000031 5A                              	POP	EDX
    35 00000032 59                              	POP	ECX
    36 00000033 74 3E                           	JE	L11
    37 00000035 8B 45 0C                        	MOV	EAX,DWORD [12+EBP]
    38 00000038 89 7B 08                        	MOV	DWORD [8+EBX],EDI
    39 0000003B 89 03                           	MOV	DWORD [EBX],EAX
    40 0000003D 8D 93 000023DC                  	LEA	EDX,DWORD [9180+EBX]
    41 00000043 8B 45 14                        	MOV	EAX,DWORD [20+EBP]
    42 00000046 89 43 0C                        	MOV	DWORD [12+EBX],EAX
    43 00000049 89 D8                           	MOV	EAX,EBX
    44 0000004B C7 43 10 FFFFFFFF               	MOV	DWORD [16+EBX],-1
    45 00000052                                 L9:
    46 00000052 C7 80 00000430 00000000         	MOV	DWORD [1072+EAX],0
    47 0000005C 89 98 00000434                  	MOV	DWORD [1076+EAX],EBX
    48 00000062 83 C0 24                        	ADD	EAX,36
    49 00000065 39 D0                           	CMP	EAX,EDX
    50 00000067 7E E9                           	JLE	L9
    51 00000069                                 L3:
    52 00000069 8D 65 F4                        	LEA	ESP,DWORD [-12+EBP]
    53 0000006C 89 D8                           	MOV	EAX,EBX
    54 0000006E 5B                              	POP	EBX
    55 0000006F 5E                              	POP	ESI
    56 00000070 5F                              	POP	EDI
    57 00000071 5D                              	POP	EBP
    58 00000072 C3                              	RET
    59 00000073                                 L11:
    60 00000073 68 00002814                     	PUSH	10260
    61 00000078 53                              	PUSH	EBX
    62 00000079 56                              	PUSH	ESI
    63 0000007A E8 [00000000]                   	CALL	_memman_free_4k
    64 0000007F 83 C4 0C                        	ADD	ESP,12
    65 00000082 EB E5                           	JMP	L3
    66 00000084                                 	GLOBAL	_sheet_alloc
    67 00000084                                 _sheet_alloc:
    68 00000084 55                              	PUSH	EBP
    69 00000085 31 D2                           	XOR	EDX,EDX
    70 00000087 89 E5                           	MOV	EBP,ESP
    71 00000089 8B 45 08                        	MOV	EAX,DWORD [8+EBP]
    72 0000008C 05 00000414                     	ADD	EAX,1044
    73 00000091                                 L18:
    74 00000091 83 78 1C 00                     	CMP	DWORD [28+EAX],0
    75 00000095 74 10                           	JE	L21
    76 00000097 42                              	INC	EDX
    77 00000098 83 C0 24                        	ADD	EAX,36
    78 0000009B 81 FA 000000FF                  	CMP	EDX,255
    79 000000A1 7E EE                           	JLE	L18
    80 000000A3 31 C0                           	XOR	EAX,EAX
    81 000000A5                                 L12:
    82 000000A5 5D                              	POP	EBP
    83 000000A6 C3                              	RET
    84 000000A7                                 L21:
    85 000000A7 C7 40 1C 00000001               	MOV	DWORD [28+EAX],1
    86 000000AE C7 40 18 FFFFFFFF               	MOV	DWORD [24+EAX],-1
    87 000000B5 EB EE                           	JMP	L12
    88 000000B7                                 	GLOBAL	_sheet_setbuf
    89 000000B7                                 _sheet_setbuf:
    90 000000B7 55                              	PUSH	EBP
    91 000000B8 89 E5                           	MOV	EBP,ESP
    92 000000BA 8B 55 08                        	MOV	EDX,DWORD [8+EBP]
    93 000000BD 8B 45 0C                        	MOV	EAX,DWORD [12+EBP]
    94 000000C0 89 02                           	MOV	DWORD [EDX],EAX
    95 000000C2 8B 45 10                        	MOV	EAX,DWORD [16+EBP]
    96 000000C5 89 42 04                        	MOV	DWORD [4+EDX],EAX
    97 000000C8 8B 45 14                        	MOV	EAX,DWORD [20+EBP]
    98 000000CB 89 42 08                        	MOV	DWORD [8+EDX],EAX
    99 000000CE 8B 45 18                        	MOV	EAX,DWORD [24+EBP]
   100 000000D1 89 42 14                        	MOV	DWORD [20+EDX],EAX
   101 000000D4 5D                              	POP	EBP
   102 000000D5 C3                              	RET
   103 000000D6                                 	GLOBAL	_sheet_updown
   104 000000D6                                 _sheet_updown:
   105 000000D6 55                              	PUSH	EBP
   106 000000D7 89 E5                           	MOV	EBP,ESP
   107 000000D9 57                              	PUSH	EDI
   108 000000DA 56                              	PUSH	ESI
   109 000000DB 53                              	PUSH	EBX
   110 000000DC 51                              	PUSH	ECX
   111 000000DD 8B 7D 08                        	MOV	EDI,DWORD [8+EBP]
   112 000000E0 8B 5D 0C                        	MOV	EBX,DWORD [12+EBP]
   113 000000E3 8B 77 20                        	MOV	ESI,DWORD [32+EDI]
   114 000000E6 8B 47 18                        	MOV	EAX,DWORD [24+EDI]
   115 000000E9 89 45 F0                        	MOV	DWORD [-16+EBP],EAX
   116 000000EC 8B 46 10                        	MOV	EAX,DWORD [16+ESI]
   117 000000EF 40                              	INC	EAX
   118 000000F0 39 C3                           	CMP	EBX,EAX
   119 000000F2 7E 02                           	JLE	L24
   120 000000F4 89 C3                           	MOV	EBX,EAX
   121 000000F6                                 L24:
   122 000000F6 83 FB FF                        	CMP	EBX,-1
   123 000000F9 7D 03                           	JGE	L25
   124 000000FB 83 CB FF                        	OR	EBX,-1
   125 000000FE                                 L25:
   126 000000FE 89 5F 18                        	MOV	DWORD [24+EDI],EBX
   127 00000101 39 5D F0                        	CMP	DWORD [-16+EBP],EBX
   128 00000104 0F 8E 000000A8                  	JLE	L26
   129 0000010A 85 DB                           	TEST	EBX,EBX
   130 0000010C 78 5C                           	JS	L27
   131 0000010E 8B 4D F0                        	MOV	ECX,DWORD [-16+EBP]
   132 00000111                                 L32:
   133 00000111 8B 44 8E 10                     	MOV	EAX,DWORD [16+ESI+ECX*4]
   134 00000115 89 44 8E 14                     	MOV	DWORD [20+ESI+ECX*4],EAX
   135 00000119 89 48 18                        	MOV	DWORD [24+EAX],ECX
   136 0000011C 49                              	DEC	ECX
   137 0000011D 39 D9                           	CMP	ECX,EBX
   138 0000011F 7F F0                           	JG	L32
   139 00000121 89 7C 9E 14                     	MOV	DWORD [20+ESI+EBX*4],EDI
   140 00000125 43                              	INC	EBX
   141 00000126 53                              	PUSH	EBX
   142 00000127 8B 4F 10                        	MOV	ECX,DWORD [16+EDI]
   143 0000012A 89 C8                           	MOV	EAX,ECX
   144 0000012C 03 47 08                        	ADD	EAX,DWORD [8+EDI]
   145 0000012F 50                              	PUSH	EAX
   146 00000130 8B 57 0C                        	MOV	EDX,DWORD [12+EDI]
   147 00000133 89 D0                           	MOV	EAX,EDX
   148 00000135 03 47 04                        	ADD	EAX,DWORD [4+EDI]
   149 00000138 50                              	PUSH	EAX
   150 00000139 51                              	PUSH	ECX
   151 0000013A 52                              	PUSH	EDX
   152 0000013B 56                              	PUSH	ESI
   153 0000013C E8 000000DB                     	CALL	_sheet_refreshmap
   154 00000141 FF 75 F0                        	PUSH	DWORD [-16+EBP]
   155 00000144                                 L62:
   156 00000144 53                              	PUSH	EBX
   157 00000145                                 L61:
   158 00000145 8B 4F 10                        	MOV	ECX,DWORD [16+EDI]
   159 00000148 89 C8                           	MOV	EAX,ECX
   160 0000014A 03 47 08                        	ADD	EAX,DWORD [8+EDI]
   161 0000014D 50                              	PUSH	EAX
   162 0000014E 8B 57 0C                        	MOV	EDX,DWORD [12+EDI]
   163 00000151 89 D0                           	MOV	EAX,EDX
   164 00000153 03 47 04                        	ADD	EAX,DWORD [4+EDI]
   165 00000156 50                              	PUSH	EAX
   166 00000157 51                              	PUSH	ECX
   167 00000158 52                              	PUSH	EDX
   168 00000159 56                              	PUSH	ESI
   169 0000015A E8 0000021A                     	CALL	_sheet_refreshsub
   170 0000015F 83 C4 34                        	ADD	ESP,52
   171 00000162                                 L23:
   172 00000162 8D 65 F4                        	LEA	ESP,DWORD [-12+EBP]
   173 00000165 5B                              	POP	EBX
   174 00000166 5E                              	POP	ESI
   175 00000167 5F                              	POP	EDI
   176 00000168 5D                              	POP	EBP
   177 00000169 C3                              	RET
   178 0000016A                                 L27:
   179 0000016A 8B 46 10                        	MOV	EAX,DWORD [16+ESI]
   180 0000016D 3B 45 F0                        	CMP	EAX,DWORD [-16+EBP]
   181 00000170 7E 18                           	JLE	L34
   182 00000172 8B 4D F0                        	MOV	ECX,DWORD [-16+EBP]
   183 00000175 39 C1                           	CMP	ECX,EAX
   184 00000177 7D 11                           	JGE	L34
   185 00000179                                 L39:
   186 00000179 8B 44 8E 18                     	MOV	EAX,DWORD [24+ESI+ECX*4]
   187 0000017D 89 44 8E 14                     	MOV	DWORD [20+ESI+ECX*4],EAX
   188 00000181 89 48 18                        	MOV	DWORD [24+EAX],ECX
   189 00000184 41                              	INC	ECX
   190 00000185 3B 4E 10                        	CMP	ECX,DWORD [16+ESI]
   191 00000188 7C EF                           	JL	L39
   192 0000018A                                 L34:
   193 0000018A FF 4E 10                        	DEC	DWORD [16+ESI]
   194 0000018D 6A 00                           	PUSH	0
   195 0000018F 8B 4F 10                        	MOV	ECX,DWORD [16+EDI]
   196 00000192 89 C8                           	MOV	EAX,ECX
   197 00000194 03 47 08                        	ADD	EAX,DWORD [8+EDI]
   198 00000197 50                              	PUSH	EAX
   199 00000198 8B 57 0C                        	MOV	EDX,DWORD [12+EDI]
   200 0000019B 89 D0                           	MOV	EAX,EDX
   201 0000019D 03 47 04                        	ADD	EAX,DWORD [4+EDI]
   202 000001A0 50                              	PUSH	EAX
   203 000001A1 51                              	PUSH	ECX
   204 000001A2 52                              	PUSH	EDX
   205 000001A3 56                              	PUSH	ESI
   206 000001A4 E8 00000073                     	CALL	_sheet_refreshmap
   207 000001A9 8B 45 F0                        	MOV	EAX,DWORD [-16+EBP]
   208 000001AC 48                              	DEC	EAX
   209 000001AD 50                              	PUSH	EAX
   210 000001AE 6A 00                           	PUSH	0
   211 000001B0 EB 93                           	JMP	L61
   212 000001B2                                 L26:
   213 000001B2 39 5D F0                        	CMP	DWORD [-16+EBP],EBX
   214 000001B5 7D AB                           	JGE	L23
   215 000001B7 83 7D F0 00                     	CMP	DWORD [-16+EBP],0
   216 000001BB 78 3C                           	JS	L42
   217 000001BD 8B 4D F0                        	MOV	ECX,DWORD [-16+EBP]
   218 000001C0 39 D9                           	CMP	ECX,EBX
   219 000001C2 7D 10                           	JGE	L58
   220 000001C4                                 L47:
   221 000001C4 8B 44 8E 18                     	MOV	EAX,DWORD [24+ESI+ECX*4]
   222 000001C8 89 44 8E 14                     	MOV	DWORD [20+ESI+ECX*4],EAX
   223 000001CC 89 48 18                        	MOV	DWORD [24+EAX],ECX
   224 000001CF 41                              	INC	ECX
   225 000001D0 39 D9                           	CMP	ECX,EBX
   226 000001D2 7C F0                           	JL	L47
   227 000001D4                                 L58:
   228 000001D4 89 7C 9E 14                     	MOV	DWORD [20+ESI+EBX*4],EDI
   229 000001D8                                 L48:
   230 000001D8 53                              	PUSH	EBX
   231 000001D9 8B 4F 10                        	MOV	ECX,DWORD [16+EDI]
   232 000001DC 89 C8                           	MOV	EAX,ECX
   233 000001DE 03 47 08                        	ADD	EAX,DWORD [8+EDI]
   234 000001E1 50                              	PUSH	EAX
   235 000001E2 8B 57 0C                        	MOV	EDX,DWORD [12+EDI]
   236 000001E5 89 D0                           	MOV	EAX,EDX
   237 000001E7 03 47 04                        	ADD	EAX,DWORD [4+EDI]
   238 000001EA 50                              	PUSH	EAX
   239 000001EB 51                              	PUSH	ECX
   240 000001EC 52                              	PUSH	EDX
   241 000001ED 56                              	PUSH	ESI
   242 000001EE E8 00000029                     	CALL	_sheet_refreshmap
   243 000001F3 53                              	PUSH	EBX
   244 000001F4 E9 FFFFFF4B                     	JMP	L62
   245 000001F9                                 L42:
   246 000001F9 8B 4E 10                        	MOV	ECX,DWORD [16+ESI]
   247 000001FC 39 D9                           	CMP	ECX,EBX
   248 000001FE 7C 13                           	JL	L60
   249 00000200                                 L53:
   250 00000200 8B 54 8E 14                     	MOV	EDX,DWORD [20+ESI+ECX*4]
   251 00000204 8D 41 01                        	LEA	EAX,DWORD [1+ECX]
   252 00000207 89 54 8E 18                     	MOV	DWORD [24+ESI+ECX*4],EDX
   253 0000020B 49                              	DEC	ECX
   254 0000020C 89 42 18                        	MOV	DWORD [24+EDX],EAX
   255 0000020F 39 D9                           	CMP	ECX,EBX
   256 00000211 7D ED                           	JGE	L53
   257 00000213                                 L60:
   258 00000213 89 7C 9E 14                     	MOV	DWORD [20+ESI+EBX*4],EDI
   259 00000217 FF 46 10                        	INC	DWORD [16+ESI]
   260 0000021A EB BC                           	JMP	L48
   261 0000021C                                 	GLOBAL	_sheet_refreshmap
   262 0000021C                                 _sheet_refreshmap:
   263 0000021C 55                              	PUSH	EBP
   264 0000021D 89 E5                           	MOV	EBP,ESP
   265 0000021F 57                              	PUSH	EDI
   266 00000220 56                              	PUSH	ESI
   267 00000221 53                              	PUSH	EBX
   268 00000222 83 EC 28                        	SUB	ESP,40
   269 00000225 8B 45 08                        	MOV	EAX,DWORD [8+EBP]
   270 00000228 83 7D 0C 00                     	CMP	DWORD [12+EBP],0
   271 0000022C 8B 40 04                        	MOV	EAX,DWORD [4+EAX]
   272 0000022F 89 45 D8                        	MOV	DWORD [-40+EBP],EAX
   273 00000232 0F 88 00000135                  	JS	L94
   274 00000238                                 L64:
   275 00000238 83 7D 10 00                     	CMP	DWORD [16+EBP],0
   276 0000023C 0F 88 0000011F                  	JS	L95
   277 00000242                                 L65:
   278 00000242 8B 55 08                        	MOV	EDX,DWORD [8+EBP]
   279 00000245 8B 42 08                        	MOV	EAX,DWORD [8+EDX]
   280 00000248 39 45 14                        	CMP	DWORD [20+EBP],EAX
   281 0000024B 7E 03                           	JLE	L66
   282 0000024D 89 45 14                        	MOV	DWORD [20+EBP],EAX
   283 00000250                                 L66:
   284 00000250 8B 75 08                        	MOV	ESI,DWORD [8+EBP]
   285 00000253 8B 46 0C                        	MOV	EAX,DWORD [12+ESI]
   286 00000256 39 45 18                        	CMP	DWORD [24+EBP],EAX
   287 00000259 7E 03                           	JLE	L67
   288 0000025B 89 45 18                        	MOV	DWORD [24+EBP],EAX
   289 0000025E                                 L67:
   290 0000025E 8B 45 08                        	MOV	EAX,DWORD [8+EBP]
   291 00000261 8B 7D 1C                        	MOV	EDI,DWORD [28+EBP]
   292 00000264 89 7D F0                        	MOV	DWORD [-16+EBP],EDI
   293 00000267 3B 78 10                        	CMP	EDI,DWORD [16+EAX]
   294 0000026A 0F 8F 000000D6                  	JG	L89
   295 00000270                                 L87:
   296 00000270 8B 75 08                        	MOV	ESI,DWORD [8+EBP]
   297 00000273 8B 55 F0                        	MOV	EDX,DWORD [-16+EBP]
   298 00000276 8B 5D 10                        	MOV	EBX,DWORD [16+EBP]
   299 00000279 8B 4C 96 14                     	MOV	ECX,DWORD [20+ESI+EDX*4]
   300 0000027D 89 C8                           	MOV	EAX,ECX
   301 0000027F 29 F0                           	SUB	EAX,ESI
   302 00000281 8B 39                           	MOV	EDI,DWORD [ECX]
   303 00000283 2D 00000414                     	SUB	EAX,1044
   304 00000288 8B 51 10                        	MOV	EDX,DWORD [16+ECX]
   305 0000028B C1 F8 02                        	SAR	EAX,2
   306 0000028E 89 7D E0                        	MOV	DWORD [-32+EBP],EDI
   307 00000291 69 C0 38E38E39                  	IMUL	EAX,EAX,954437177
   308 00000297 8B 7D 18                        	MOV	EDI,DWORD [24+EBP]
   309 0000029A 29 D3                           	SUB	EBX,EDX
   310 0000029C 29 D7                           	SUB	EDI,EDX
   311 0000029E 88 45 DF                        	MOV	BYTE [-33+EBP],AL
   312 000002A1 8B 75 14                        	MOV	ESI,DWORD [20+EBP]
   313 000002A4 8B 55 0C                        	MOV	EDX,DWORD [12+EBP]
   314 000002A7 8B 41 0C                        	MOV	EAX,DWORD [12+ECX]
   315 000002AA 89 7D D4                        	MOV	DWORD [-44+EBP],EDI
   316 000002AD 29 C6                           	SUB	ESI,EAX
   317 000002AF 29 C2                           	SUB	EDX,EAX
   318 000002B1 89 75 CC                        	MOV	DWORD [-52+EBP],ESI
   319 000002B4 89 55 E4                        	MOV	DWORD [-28+EBP],EDX
   320 000002B7 0F 88 00000098                  	JS	L96
   321 000002BD                                 L72:
   322 000002BD 85 DB                           	TEST	EBX,EBX
   323 000002BF 0F 88 00000089                  	JS	L97
   324 000002C5                                 L73:
   325 000002C5 8B 41 04                        	MOV	EAX,DWORD [4+ECX]
   326 000002C8 39 45 CC                        	CMP	DWORD [-52+EBP],EAX
   327 000002CB 7E 03                           	JLE	L74
   328 000002CD 89 45 CC                        	MOV	DWORD [-52+EBP],EAX
   329 000002D0                                 L74:
   330 000002D0 8B 41 08                        	MOV	EAX,DWORD [8+ECX]
   331 000002D3 39 45 D4                        	CMP	DWORD [-44+EBP],EAX
   332 000002D6 7E 03                           	JLE	L75
   333 000002D8 89 45 D4                        	MOV	DWORD [-44+EBP],EAX
   334 000002DB                                 L75:
   335 000002DB 3B 5D D4                        	CMP	EBX,DWORD [-44+EBP]
   336 000002DE 7D 54                           	JGE	L91
   337 000002E0                                 L86:
   338 000002E0 8B 71 10                        	MOV	ESI,DWORD [16+ECX]
   339 000002E3 8B 55 E4                        	MOV	EDX,DWORD [-28+EBP]
   340 000002E6 01 DE                           	ADD	ESI,EBX
   341 000002E8 3B 55 CC                        	CMP	EDX,DWORD [-52+EBP]
   342 000002EB 89 75 E8                        	MOV	DWORD [-24+EBP],ESI
   343 000002EE 7D 3E                           	JGE	L93
   344 000002F0                                 L85:
   345 000002F0 89 D8                           	MOV	EAX,EBX
   346 000002F2 8B 79 0C                        	MOV	EDI,DWORD [12+ECX]
   347 000002F5 0F AF 41 04                     	IMUL	EAX,DWORD [4+ECX]
   348 000002F9 01 D7                           	ADD	EDI,EDX
   349 000002FB 8B 75 E0                        	MOV	ESI,DWORD [-32+EBP]
   350 000002FE 01 D0                           	ADD	EAX,EDX
   351 00000300 89 7D EC                        	MOV	DWORD [-20+EBP],EDI
   352 00000303 0F B6 34 30                     	MOVZX	ESI,BYTE [EAX+ESI*1]
   353 00000307 3B 71 14                        	CMP	ESI,DWORD [20+ECX]
   354 0000030A 74 1C                           	JE	L82
   355 0000030C 8B 7D 08                        	MOV	EDI,DWORD [8+EBP]
   356 0000030F 8B 45 E8                        	MOV	EAX,DWORD [-24+EBP]
   357 00000312 8B 75 D8                        	MOV	ESI,DWORD [-40+EBP]
   358 00000315 0F AF 47 08                     	IMUL	EAX,DWORD [8+EDI]
   359 00000319 03 45 EC                        	ADD	EAX,DWORD [-20+EBP]
   360 0000031C 89 45 D0                        	MOV	DWORD [-48+EBP],EAX
   361 0000031F 8A 45 DF                        	MOV	AL,BYTE [-33+EBP]
   362 00000322 8B 7D D0                        	MOV	EDI,DWORD [-48+EBP]
   363 00000325 88 04 37                        	MOV	BYTE [EDI+ESI*1],AL
   364 00000328                                 L82:
   365 00000328 42                              	INC	EDX
   366 00000329 3B 55 CC                        	CMP	EDX,DWORD [-52+EBP]
   367 0000032C 7C C2                           	JL	L85
   368 0000032E                                 L93:
   369 0000032E 43                              	INC	EBX
   370 0000032F 3B 5D D4                        	CMP	EBX,DWORD [-44+EBP]
   371 00000332 7C AC                           	JL	L86
   372 00000334                                 L91:
   373 00000334 8B 55 08                        	MOV	EDX,DWORD [8+EBP]
   374 00000337 FF 45 F0                        	INC	DWORD [-16+EBP]
   375 0000033A 8B 45 F0                        	MOV	EAX,DWORD [-16+EBP]
   376 0000033D 3B 42 10                        	CMP	EAX,DWORD [16+EDX]
   377 00000340 0F 8E FFFFFF2A                  	JLE	L87
   378 00000346                                 L89:
   379 00000346 83 C4 28                        	ADD	ESP,40
   380 00000349 5B                              	POP	EBX
   381 0000034A 5E                              	POP	ESI
   382 0000034B 5F                              	POP	EDI
   383 0000034C 5D                              	POP	EBP
   384 0000034D C3                              	RET
   385 0000034E                                 L97:
   386 0000034E 31 DB                           	XOR	EBX,EBX
   387 00000350 E9 FFFFFF70                     	JMP	L73
   388 00000355                                 L96:
   389 00000355 C7 45 E4 00000000               	MOV	DWORD [-28+EBP],0
   390 0000035C E9 FFFFFF5C                     	JMP	L72
   391 00000361                                 L95:
   392 00000361 C7 45 10 00000000               	MOV	DWORD [16+EBP],0
   393 00000368 E9 FFFFFED5                     	JMP	L65
   394 0000036D                                 L94:
   395 0000036D C7 45 0C 00000000               	MOV	DWORD [12+EBP],0
   396 00000374 E9 FFFFFEBF                     	JMP	L64
   397 00000379                                 	GLOBAL	_sheet_refreshsub
   398 00000379                                 _sheet_refreshsub:
   399 00000379 55                              	PUSH	EBP
   400 0000037A 89 E5                           	MOV	EBP,ESP
   401 0000037C 57                              	PUSH	EDI
   402 0000037D 56                              	PUSH	ESI
   403 0000037E 53                              	PUSH	EBX
   404 0000037F 83 EC 2C                        	SUB	ESP,44
   405 00000382 8B 45 08                        	MOV	EAX,DWORD [8+EBP]
   406 00000385 8B 55 08                        	MOV	EDX,DWORD [8+EBP]
   407 00000388 83 7D 0C 00                     	CMP	DWORD [12+EBP],0
   408 0000038C 8B 00                           	MOV	EAX,DWORD [EAX]
   409 0000038E 8B 52 04                        	MOV	EDX,DWORD [4+EDX]
   410 00000391 89 45 DC                        	MOV	DWORD [-36+EBP],EAX
   411 00000394 89 55 D8                        	MOV	DWORD [-40+EBP],EDX
   412 00000397 0F 88 00000133                  	JS	L129
   413 0000039D                                 L99:
   414 0000039D 83 7D 10 00                     	CMP	DWORD [16+EBP],0
   415 000003A1 0F 88 0000011D                  	JS	L130
   416 000003A7                                 L100:
   417 000003A7 8B 75 08                        	MOV	ESI,DWORD [8+EBP]
   418 000003AA 8B 46 08                        	MOV	EAX,DWORD [8+ESI]
   419 000003AD 39 45 14                        	CMP	DWORD [20+EBP],EAX
   420 000003B0 7E 03                           	JLE	L101
   421 000003B2 89 45 14                        	MOV	DWORD [20+EBP],EAX
   422 000003B5                                 L101:
   423 000003B5 8B 7D 08                        	MOV	EDI,DWORD [8+EBP]
   424 000003B8 8B 47 0C                        	MOV	EAX,DWORD [12+EDI]
   425 000003BB 39 45 18                        	CMP	DWORD [24+EBP],EAX
   426 000003BE 7E 03                           	JLE	L102
   427 000003C0 89 45 18                        	MOV	DWORD [24+EBP],EAX
   428 000003C3                                 L102:
   429 000003C3 8B 45 1C                        	MOV	EAX,DWORD [28+EBP]
   430 000003C6 8B 55 20                        	MOV	EDX,DWORD [32+EBP]
   431 000003C9 89 45 F0                        	MOV	DWORD [-16+EBP],EAX
   432 000003CC 39 D0                           	CMP	EAX,EDX
   433 000003CE 0F 8F 000000BC                  	JG	L124
   434 000003D4                                 L122:
   435 000003D4 8B 7D 08                        	MOV	EDI,DWORD [8+EBP]
   436 000003D7 8B 75 F0                        	MOV	ESI,DWORD [-16+EBP]
   437 000003DA 8B 4D 10                        	MOV	ECX,DWORD [16+EBP]
   438 000003DD 8B 5C B7 14                     	MOV	EBX,DWORD [20+EDI+ESI*4]
   439 000003E1 8B 75 14                        	MOV	ESI,DWORD [20+EBP]
   440 000003E4 8B 03                           	MOV	EAX,DWORD [EBX]
   441 000003E6 8B 53 10                        	MOV	EDX,DWORD [16+EBX]
   442 000003E9 89 45 E0                        	MOV	DWORD [-32+EBP],EAX
   443 000003EC 29 D1                           	SUB	ECX,EDX
   444 000003EE 89 D8                           	MOV	EAX,EBX
   445 000003F0 29 F8                           	SUB	EAX,EDI
   446 000003F2 8B 7D 18                        	MOV	EDI,DWORD [24+EBP]
   447 000003F5 2D 00000414                     	SUB	EAX,1044
   448 000003FA 29 D7                           	SUB	EDI,EDX
   449 000003FC C1 F8 02                        	SAR	EAX,2
   450 000003FF 8B 55 0C                        	MOV	EDX,DWORD [12+EBP]
   451 00000402 69 C0 38E38E39                  	IMUL	EAX,EAX,954437177
   452 00000408 88 45 D7                        	MOV	BYTE [-41+EBP],AL
   453 0000040B 89 7D C8                        	MOV	DWORD [-56+EBP],EDI
   454 0000040E 8B 43 0C                        	MOV	EAX,DWORD [12+EBX]
   455 00000411 29 C6                           	SUB	ESI,EAX
   456 00000413 29 C2                           	SUB	EDX,EAX
   457 00000415 89 75 E4                        	MOV	DWORD [-28+EBP],ESI
   458 00000418 89 55 E8                        	MOV	DWORD [-24+EBP],EDX
   459 0000041B 0F 88 00000097                  	JS	L131
   460 00000421                                 L107:
   461 00000421 85 C9                           	TEST	ECX,ECX
   462 00000423 0F 88 00000088                  	JS	L132
   463 00000429                                 L108:
   464 00000429 8B 43 04                        	MOV	EAX,DWORD [4+EBX]
   465 0000042C 39 45 E4                        	CMP	DWORD [-28+EBP],EAX
   466 0000042F 7E 03                           	JLE	L109
   467 00000431 89 45 E4                        	MOV	DWORD [-28+EBP],EAX
   468 00000434                                 L109:
   469 00000434 8B 43 08                        	MOV	EAX,DWORD [8+EBX]
   470 00000437 39 45 C8                        	CMP	DWORD [-56+EBP],EAX
   471 0000043A 7E 03                           	JLE	L110
   472 0000043C 89 45 C8                        	MOV	DWORD [-56+EBP],EAX
   473 0000043F                                 L110:
   474 0000043F 89 CE                           	MOV	ESI,ECX
   475 00000441 3B 4D C8                        	CMP	ECX,DWORD [-56+EBP]
   476 00000444 7D 3B                           	JGE	L126
   477 00000446                                 L121:
   478 00000446 8B 7B 10                        	MOV	EDI,DWORD [16+EBX]
   479 00000449 8B 4D E8                        	MOV	ECX,DWORD [-24+EBP]
   480 0000044C 01 F7                           	ADD	EDI,ESI
   481 0000044E 3B 4D E4                        	CMP	ECX,DWORD [-28+EBP]
   482 00000451 89 7D EC                        	MOV	DWORD [-20+EBP],EDI
   483 00000454 7D 25                           	JGE	L128
   484 00000456                                 L120:
   485 00000456 8B 55 08                        	MOV	EDX,DWORD [8+EBP]
   486 00000459 8B 7D EC                        	MOV	EDI,DWORD [-20+EBP]
   487 0000045C 8B 43 0C                        	MOV	EAX,DWORD [12+EBX]
   488 0000045F 0F AF 7A 08                     	IMUL	EDI,DWORD [8+EDX]
   489 00000463 01 C8                           	ADD	EAX,ECX
   490 00000465 8A 55 D7                        	MOV	DL,BYTE [-41+EBP]
   491 00000468 01 F8                           	ADD	EAX,EDI
   492 0000046A 8B 7D D8                        	MOV	EDI,DWORD [-40+EBP]
   493 0000046D 89 45 CC                        	MOV	DWORD [-52+EBP],EAX
   494 00000470 38 14 38                        	CMP	BYTE [EAX+EDI*1],DL
   495 00000473 74 23                           	JE	L133
   496 00000475                                 L117:
   497 00000475 41                              	INC	ECX
   498 00000476 3B 4D E4                        	CMP	ECX,DWORD [-28+EBP]
   499 00000479 7C DB                           	JL	L120
   500 0000047B                                 L128:
   501 0000047B 46                              	INC	ESI
   502 0000047C 3B 75 C8                        	CMP	ESI,DWORD [-56+EBP]
   503 0000047F 7C C5                           	JL	L121
   504 00000481                                 L126:
   505 00000481 8B 75 20                        	MOV	ESI,DWORD [32+EBP]
   506 00000484 FF 45 F0                        	INC	DWORD [-16+EBP]
   507 00000487 39 75 F0                        	CMP	DWORD [-16+EBP],ESI
   508 0000048A 0F 8E FFFFFF44                  	JLE	L122
   509 00000490                                 L124:
   510 00000490 83 C4 2C                        	ADD	ESP,44
   511 00000493 5B                              	POP	EBX
   512 00000494 5E                              	POP	ESI
   513 00000495 5F                              	POP	EDI
   514 00000496 5D                              	POP	EBP
   515 00000497 C3                              	RET
   516 00000498                                 L133:
   517 00000498 89 F0                           	MOV	EAX,ESI
   518 0000049A 8B 55 E0                        	MOV	EDX,DWORD [-32+EBP]
   519 0000049D 0F AF 43 04                     	IMUL	EAX,DWORD [4+EBX]
   520 000004A1 01 C8                           	ADD	EAX,ECX
   521 000004A3 8B 7D DC                        	MOV	EDI,DWORD [-36+EBP]
   522 000004A6 8A 04 10                        	MOV	AL,BYTE [EAX+EDX*1]
   523 000004A9 8B 55 CC                        	MOV	EDX,DWORD [-52+EBP]
   524 000004AC 88 04 3A                        	MOV	BYTE [EDX+EDI*1],AL
   525 000004AF EB C4                           	JMP	L117
   526 000004B1                                 L132:
   527 000004B1 31 C9                           	XOR	ECX,ECX
   528 000004B3 E9 FFFFFF71                     	JMP	L108
   529 000004B8                                 L131:
   530 000004B8 C7 45 E8 00000000               	MOV	DWORD [-24+EBP],0
   531 000004BF E9 FFFFFF5D                     	JMP	L107
   532 000004C4                                 L130:
   533 000004C4 C7 45 10 00000000               	MOV	DWORD [16+EBP],0
   534 000004CB E9 FFFFFED7                     	JMP	L100
   535 000004D0                                 L129:
   536 000004D0 C7 45 0C 00000000               	MOV	DWORD [12+EBP],0
   537 000004D7 E9 FFFFFEC1                     	JMP	L99
   538 000004DC                                 	GLOBAL	_sheet_refresh
   539 000004DC                                 _sheet_refresh:
   540 000004DC 55                              	PUSH	EBP
   541 000004DD 89 E5                           	MOV	EBP,ESP
   542 000004DF 53                              	PUSH	EBX
   543 000004E0 8B 5D 08                        	MOV	EBX,DWORD [8+EBP]
   544 000004E3 8B 43 18                        	MOV	EAX,DWORD [24+EBX]
   545 000004E6 85 C0                           	TEST	EAX,EAX
   546 000004E8 78 27                           	JS	L134
   547 000004EA 50                              	PUSH	EAX
   548 000004EB 50                              	PUSH	EAX
   549 000004EC 8B 4B 10                        	MOV	ECX,DWORD [16+EBX]
   550 000004EF 89 C8                           	MOV	EAX,ECX
   551 000004F1 03 4D 10                        	ADD	ECX,DWORD [16+EBP]
   552 000004F4 03 45 18                        	ADD	EAX,DWORD [24+EBP]
   553 000004F7 50                              	PUSH	EAX
   554 000004F8 8B 53 0C                        	MOV	EDX,DWORD [12+EBX]
   555 000004FB 89 D0                           	MOV	EAX,EDX
   556 000004FD 03 55 0C                        	ADD	EDX,DWORD [12+EBP]
   557 00000500 03 45 14                        	ADD	EAX,DWORD [20+EBP]
   558 00000503 50                              	PUSH	EAX
   559 00000504 51                              	PUSH	ECX
   560 00000505 52                              	PUSH	EDX
   561 00000506 FF 73 20                        	PUSH	DWORD [32+EBX]
   562 00000509 E8 FFFFFE6B                     	CALL	_sheet_refreshsub
   563 0000050E 83 C4 1C                        	ADD	ESP,28
   564 00000511                                 L134:
   565 00000511 8B 5D FC                        	MOV	EBX,DWORD [-4+EBP]
   566 00000514 C9                              	LEAVE
   567 00000515 C3                              	RET
   568 00000516                                 	GLOBAL	_sheet_slide
   569 00000516                                 _sheet_slide:
   570 00000516 55                              	PUSH	EBP
   571 00000517 89 E5                           	MOV	EBP,ESP
   572 00000519 57                              	PUSH	EDI
   573 0000051A 56                              	PUSH	ESI
   574 0000051B 53                              	PUSH	EBX
   575 0000051C 8B 45 0C                        	MOV	EAX,DWORD [12+EBP]
   576 0000051F 8B 5D 08                        	MOV	EBX,DWORD [8+EBP]
   577 00000522 8B 7B 0C                        	MOV	EDI,DWORD [12+EBX]
   578 00000525 8B 73 10                        	MOV	ESI,DWORD [16+EBX]
   579 00000528 89 43 0C                        	MOV	DWORD [12+EBX],EAX
   580 0000052B 8B 45 10                        	MOV	EAX,DWORD [16+EBP]
   581 0000052E 89 43 10                        	MOV	DWORD [16+EBX],EAX
   582 00000531 83 7B 18 00                     	CMP	DWORD [24+EBX],0
   583 00000535 78 7C                           	JS	L136
   584 00000537 6A 00                           	PUSH	0
   585 00000539 89 F0                           	MOV	EAX,ESI
   586 0000053B 03 43 08                        	ADD	EAX,DWORD [8+EBX]
   587 0000053E 50                              	PUSH	EAX
   588 0000053F 89 F8                           	MOV	EAX,EDI
   589 00000541 03 43 04                        	ADD	EAX,DWORD [4+EBX]
   590 00000544 50                              	PUSH	EAX
   591 00000545 56                              	PUSH	ESI
   592 00000546 57                              	PUSH	EDI
   593 00000547 FF 73 20                        	PUSH	DWORD [32+EBX]
   594 0000054A E8 FFFFFCCD                     	CALL	_sheet_refreshmap
   595 0000054F 8B 45 10                        	MOV	EAX,DWORD [16+EBP]
   596 00000552 FF 73 18                        	PUSH	DWORD [24+EBX]
   597 00000555 03 43 08                        	ADD	EAX,DWORD [8+EBX]
   598 00000558 50                              	PUSH	EAX
   599 00000559 8B 45 0C                        	MOV	EAX,DWORD [12+EBP]
   600 0000055C 03 43 04                        	ADD	EAX,DWORD [4+EBX]
   601 0000055F 50                              	PUSH	EAX
   602 00000560 FF 75 10                        	PUSH	DWORD [16+EBP]
   603 00000563 FF 75 0C                        	PUSH	DWORD [12+EBP]
   604 00000566 FF 73 20                        	PUSH	DWORD [32+EBX]
   605 00000569 E8 FFFFFCAE                     	CALL	_sheet_refreshmap
   606 0000056E 8B 43 18                        	MOV	EAX,DWORD [24+EBX]
   607 00000571 83 C4 30                        	ADD	ESP,48
   608 00000574 48                              	DEC	EAX
   609 00000575 50                              	PUSH	EAX
   610 00000576 89 F0                           	MOV	EAX,ESI
   611 00000578 6A 00                           	PUSH	0
   612 0000057A 03 43 08                        	ADD	EAX,DWORD [8+EBX]
   613 0000057D 50                              	PUSH	EAX
   614 0000057E 89 F8                           	MOV	EAX,EDI
   615 00000580 03 43 04                        	ADD	EAX,DWORD [4+EBX]
   616 00000583 50                              	PUSH	EAX
   617 00000584 56                              	PUSH	ESI
   618 00000585 57                              	PUSH	EDI
   619 00000586 FF 73 20                        	PUSH	DWORD [32+EBX]
   620 00000589 E8 FFFFFDEB                     	CALL	_sheet_refreshsub
   621 0000058E 8B 45 10                        	MOV	EAX,DWORD [16+EBP]
   622 00000591 FF 73 18                        	PUSH	DWORD [24+EBX]
   623 00000594 FF 73 18                        	PUSH	DWORD [24+EBX]
   624 00000597 03 43 08                        	ADD	EAX,DWORD [8+EBX]
   625 0000059A 50                              	PUSH	EAX
   626 0000059B 8B 45 0C                        	MOV	EAX,DWORD [12+EBP]
   627 0000059E 03 43 04                        	ADD	EAX,DWORD [4+EBX]
   628 000005A1 50                              	PUSH	EAX
   629 000005A2 FF 75 10                        	PUSH	DWORD [16+EBP]
   630 000005A5 FF 75 0C                        	PUSH	DWORD [12+EBP]
   631 000005A8 FF 73 20                        	PUSH	DWORD [32+EBX]
   632 000005AB E8 FFFFFDC9                     	CALL	_sheet_refreshsub
   633 000005B0 83 C4 38                        	ADD	ESP,56
   634 000005B3                                 L136:
   635 000005B3 8D 65 F4                        	LEA	ESP,DWORD [-12+EBP]
   636 000005B6 5B                              	POP	EBX
   637 000005B7 5E                              	POP	ESI
   638 000005B8 5F                              	POP	EDI
   639 000005B9 5D                              	POP	EBP
   640 000005BA C3                              	RET
   641 000005BB                                 	GLOBAL	_sheet_free
   642 000005BB                                 _sheet_free:
   643 000005BB 55                              	PUSH	EBP
   644 000005BC 89 E5                           	MOV	EBP,ESP
   645 000005BE 53                              	PUSH	EBX
   646 000005BF 8B 5D 08                        	MOV	EBX,DWORD [8+EBP]
   647 000005C2 83 7B 18 00                     	CMP	DWORD [24+EBX],0
   648 000005C6 78 0A                           	JS	L139
   649 000005C8 6A FF                           	PUSH	-1
   650 000005CA 53                              	PUSH	EBX
   651 000005CB E8 FFFFFB06                     	CALL	_sheet_updown
   652 000005D0 58                              	POP	EAX
   653 000005D1 5A                              	POP	EDX
   654 000005D2                                 L139:
   655 000005D2 C7 43 1C 00000000               	MOV	DWORD [28+EBX],0
   656 000005D9 8B 5D FC                        	MOV	EBX,DWORD [-4+EBP]
   657 000005DC C9                              	LEAVE
   658 000005DD C3                              	RET
