     1 00000000                                 [FORMAT "WCOFF"]
     2 00000000                                 [INSTRSET "i486p"]
     3 00000000                                 [OPTIMIZE 1]
     4 00000000                                 [OPTION 1]
     5 00000000                                 [BITS 32]
     6 00000000                                 	EXTERN	_io_hlt
     7 00000000                                 [FILE "bootpack.c"]
     8                                          [SECTION .text]
     9 00000000                                 	GLOBAL	_HariMain
    10 00000000                                 _HariMain:
    11 00000000 55                              	PUSH	EBP
    12 00000001 B8 000A0000                     	MOV	EAX,655360
    13 00000006 89 E5                           	MOV	EBP,ESP
    14 00000008                                 L6:
    15 00000008 C6 00 0F                        	MOV	BYTE [EAX],15
    16 0000000B 40                              	INC	EAX
    17 0000000C 3D 000AFFFF                     	CMP	EAX,720895
    18 00000011 7E F5                           	JLE	L6
    19 00000013                                 L7:
    20 00000013 E8 [00000000]                   	CALL	_io_hlt
    21 00000018 EB F9                           	JMP	L7
